::1 - - [09/Aug/2024:00:00:11 +0530] "POST /wp-cron.php?doing_wp_cron=1723141811.5363180637359619140625 HTTP/1.1" 200 -
::1 - - [09/Aug/2024:00:00:11 +0530] "POST /wp-cron.php?doing_wp_cron=1723141811.5715789794921875000000 HTTP/1.1" 200 -
::1 - - [09/Aug/2024:00:00:12 +0530] "POST /wp-cron.php?doing_wp_cron=1723141812.3005568981170654296875 HTTP/1.1" 200 -
::1 - - [09/Aug/2024:00:04:53 +0530] "GET /wp-admin/ HTTP/1.1" 302 -
::1 - - [09/Aug/2024:00:04:59 +0530] "POST /wp-cron.php?doing_wp_cron=1723142099.4836809635162353515625 HTTP/1.1" 200 -
::1 - - [09/Aug/2024:00:05:00 +0530] "GET /wp-login.php?redirect_to=http%3A%2F%2Flocalhost%3A10004%2Fwp-admin%2F&reauth=1 HTTP/1.1" 200 5247
::1 - - [09/Aug/2024:00:05:02 +0530] "GET /wp-includes/css/dashicons.min.css?ver=6.6.1 HTTP/1.1" 200 59016
::1 - - [09/Aug/2024:00:05:02 +0530] "GET /wp-admin/js/password-strength-meter.min.js?ver=6.6.1 HTTP/1.1" 200 1123
::1 - - [09/Aug/2024:00:05:02 +0530] "GET /wp-admin/js/user-profile.min.js?ver=6.6.1 HTTP/1.1" 200 6507
::1 - - [09/Aug/2024:00:05:02 +0530] "GET /wp-content/plugins/gutenberg/build/i18n/index.min.js?ver=5baa98e4345eccc97e24 HTTP/1.1" 200 8829
::1 - - [09/Aug/2024:00:05:02 +0530] "GET /_static/??-eJzTLy/QzcxLzilNSS3WTy4u1k8qLSnJzyvWy83M0wPydfSBChJTgDywbFp+US4uuRxDgzxcUvnpmXA5+1xbQ3NDS2MjY3NzcwDAiSzF HTTP/1.1" 200 44288
::1 - - [09/Aug/2024:00:05:02 +0530] "GET /_static/??-eJx1i9sKwjAQRH/IdI21+CR+S5OscWuyibnUxq+3Qh9EEAaG4ZyBZxTE2lWDGaY1j4qpbSU82TQW7DxxN+Ud/MivRc+KxZgb63+OoVxgRjYhfVAMrl3JuW9dBy7IBaKrljiDretUmCyoSs7ALYR7BmKDy3a7+LM8HXp5lPtheAMWRkei HTTP/1.1" 200 56788
::1 - - [09/Aug/2024:00:05:03 +0530] "GET /wp-content/uploads/2024/06/logo-500X500-150x150.png HTTP/1.1" 404 174797
::1 - - [09/Aug/2024:00:05:10 +0530] "GET /wp-content/uploads/2024/06/logo-500X500-200x200.png HTTP/1.1" 404 174797
::1 - - [09/Aug/2024:00:09:24 +0530] "-" 408 -
::1 - - [09/Aug/2024:00:09:41 +0530] "GET /wp-admin/ HTTP/1.1" 302 -
::1 - - [09/Aug/2024:00:09:45 +0530] "POST /wp-cron.php?doing_wp_cron=1723142385.3370130062103271484375 HTTP/1.1" 200 -
::1 - - [09/Aug/2024:00:09:46 +0530] "GET /wp-login.php?redirect_to=http%3A%2F%2Flocalhost%3A10004%2Fwp-admin%2F&reauth=1 HTTP/1.1" 200 5834
::1 - - [09/Aug/2024:00:09:48 +0530] "GET /wp-content/plugins/gutenberg/build/i18n/index.min.js?ver=5baa98e4345eccc97e24 HTTP/1.1" 304 -
::1 - - [09/Aug/2024:00:09:59 +0530] "POST /wp-login.php HTTP/1.1" 302 -
::1 - - [09/Aug/2024:00:10:02 +0530] "GET /wp-login.php?redirect_to=http%3A%2F%2Flocalhost%3A10004%2Fwp-admin%2F&action=confirm_admin_email&wp_lang=en_US HTTP/1.1" 200 10624
::1 - - [09/Aug/2024:00:10:03 +0530] "GET /wp-content/plugins/woocommerce/assets/client/blocks/cart-frontend.js?ver=1c5ebcb58df698a17253 HTTP/1.1" 200 70168
::1 - - [09/Aug/2024:00:10:03 +0530] "GET /wp-includes/js/dist/vendor/lodash.min.js?ver=4.17.21 HTTP/1.1" 304 -
::1 - - [09/Aug/2024:00:10:03 +0530] "GET /wp-includes/js/dist/vendor/wp-polyfill.min.js?ver=3.15.0 HTTP/1.1" 304 -
::1 - - [09/Aug/2024:00:10:03 +0530] "GET /wp-content/plugins/gutenberg/build/vendors/react-dom.min.js?ver=18 HTTP/1.1" 200 132828
::1 - - [09/Aug/2024:00:10:03 +0530] "GET /wp-content/plugins/woocommerce/assets/client/blocks/blocks-checkout.js?ver=5980872eb77817dd6b18 HTTP/1.1" 200 28091
::1 - - [09/Aug/2024:00:10:03 +0530] "GET /wp-content/plugins/gutenberg/build/vendors/react.min.js?ver=18 HTTP/1.1" 200 6682
::1 - - [09/Aug/2024:00:10:03 +0530] "GET /wp-content/plugins/woocommerce/assets/client/blocks/blocks-components.js?ver=211abb6906805368a551 HTTP/1.1" 200 28591
::1 - - [09/Aug/2024:00:10:03 +0530] "GET /wp-content/plugins/woocommerce/assets/client/blocks/wc-blocks-data.js?ver=3b21c127321dcdffaeba HTTP/1.1" 200 75869
::1 - - [09/Aug/2024:00:10:03 +0530] "GET /wp-content/plugins/gutenberg/build/data/index.min.js?ver=f446e74635a04d62e32e HTTP/1.1" 200 26808
::1 - - [09/Aug/2024:00:10:03 +0530] "GET /wp-content/plugins/woocommerce/assets/client/blocks/wc-blocks-registry.js?ver=1c879273bd5c193cad0a HTTP/1.1" 200 9827
::1 - - [09/Aug/2024:00:10:03 +0530] "GET /wp-content/plugins/gutenberg/build/vendors/react-jsx-runtime.min.js?ver=18 HTTP/1.1" 200 902
::1 - - [09/Aug/2024:00:10:03 +0530] "GET /wp-content/plugins/gutenberg/build/compose/index.min.js?ver=c05cdefe5101c8a221a2 HTTP/1.1" 200 37108
::1 - - [09/Aug/2024:00:10:03 +0530] "GET /wp-content/plugins/gutenberg/build/deprecated/index.min.js?ver=5f56b9106e825b0b4ab3 HTTP/1.1" 200 687
::1 - - [09/Aug/2024:00:10:03 +0530] "GET /wp-content/plugins/gutenberg/build/hooks/index.min.js?ver=3aee234ea7807d8d70bc HTTP/1.1" 200 4262
::1 - - [09/Aug/2024:00:10:03 +0530] "GET /wp-content/plugins/gutenberg/build/dom/index.min.js?ver=44e4bca27663d6dfa4f6 HTTP/1.1" 200 12342
::1 - - [09/Aug/2024:00:10:03 +0530] "GET /wp-content/plugins/gutenberg/build/escape-html/index.min.js?ver=fbad781820bda8333f76 HTTP/1.1" 200 1003
::1 - - [09/Aug/2024:00:10:03 +0530] "GET /wp-content/plugins/gutenberg/build/element/index.min.js?ver=30b6834ec0d0e2c24761 HTTP/1.1" 200 11770
::1 - - [09/Aug/2024:00:10:03 +0530] "GET /wp-content/plugins/gutenberg/build/keycodes/index.min.js?ver=54656f44cb3b10270813 HTTP/1.1" 200 2843
::1 - - [09/Aug/2024:00:10:03 +0530] "GET /wp-content/plugins/gutenberg/build/is-shallow-equal/index.min.js?ver=5299ef30233b42ce5199 HTTP/1.1" 200 1021
::1 - - [09/Aug/2024:00:10:03 +0530] "GET /wp-content/plugins/gutenberg/build/priority-queue/index.min.js?ver=c01f24e11b08ca4aff89 HTTP/1.1" 200 3334
::1 - - [09/Aug/2024:00:10:03 +0530] "GET /wp-content/plugins/woocommerce/assets/client/blocks/wc-types.js?ver=bda84b1be3361607d04a HTTP/1.1" 200 2629
::1 - - [09/Aug/2024:00:10:03 +0530] "GET /wp-content/plugins/gutenberg/build/url/index.min.js?ver=a6fb0cfbb9a37fe64b17 HTTP/1.1" 200 8263
::1 - - [09/Aug/2024:00:10:03 +0530] "GET /wp-content/plugins/gutenberg/build/redux-routine/index.min.js?ver=786aeb57a8ae5605915c HTTP/1.1" 200 8711
::1 - - [09/Aug/2024:00:10:03 +0530] "GET /wp-content/plugins/woocommerce/assets/client/blocks/wc-settings.js?ver=07c2f0675ddd247d2325 HTTP/1.1" 200 4170
::1 - - [09/Aug/2024:00:10:03 +0530] "GET /wp-content/plugins/gutenberg/build/private-apis/index.min.js?ver=9c57f8d4eb57d8d2bc70 HTTP/1.1" 200 2789
::1 - - [09/Aug/2024:00:10:03 +0530] "GET /wp-content/plugins/gutenberg/build/api-fetch/index.min.js?ver=1d1bb669e2c3067cc691 HTTP/1.1" 200 5467
::1 - - [09/Aug/2024:00:10:03 +0530] "GET /wp-content/plugins/gutenberg/build/data-controls/index.min.js?ver=9a8040a4ddc992b9fdcf HTTP/1.1" 200 1475
::1 - - [09/Aug/2024:00:10:03 +0530] "GET /wp-content/plugins/gutenberg/build/html-entities/index.min.js?ver=e9ce7ebd2e4bd93c7be1 HTTP/1.1" 200 791
::1 - - [09/Aug/2024:00:10:03 +0530] "GET /wp-content/plugins/woocommerce/assets/client/blocks/wc-blocks-middleware.js?ver=ca04183222edaf8a26be HTTP/1.1" 200 1449
::1 - - [09/Aug/2024:00:10:03 +0530] "GET /wp-content/plugins/gutenberg/build/dom-ready/index.min.js?ver=222ad38e3e5e302c8bbf HTTP/1.1" 200 460
::1 - - [09/Aug/2024:00:10:03 +0530] "GET /wp-content/plugins/gutenberg/build/a11y/index.min.js?ver=9061ce25a6ee8a006b52 HTTP/1.1" 200 2361
::1 - - [09/Aug/2024:00:10:03 +0530] "GET /wp-content/plugins/gutenberg/build/notices/index.min.js?ver=3b1baf0bf68fbf761c53 HTTP/1.1" 200 2075
::1 - - [09/Aug/2024:00:10:03 +0530] "GET /wp-content/plugins/gutenberg/build/warning/index.min.js?ver=180dc4315a2b8452c969 HTTP/1.1" 200 314
::1 - - [09/Aug/2024:00:10:03 +0530] "GET /wp-content/plugins/gutenberg/build/primitives/index.min.js?ver=7c58ef27d83cfff22196 HTTP/1.1" 200 1658
::1 - - [09/Aug/2024:00:10:03 +0530] "GET /wp-content/plugins/woocommerce/assets/client/blocks/wc-blocks-shared-context.js?ver=6eb6865831aa5a75475d HTTP/1.1" 200 1823
::1 - - [09/Aug/2024:00:10:03 +0530] "GET /wp-content/plugins/woocommerce/assets/client/blocks/wc-blocks-shared-hocs.js?ver=4f21a9f43ea5bfa7f02e HTTP/1.1" 200 3211
::1 - - [09/Aug/2024:00:10:03 +0530] "GET /wp-content/plugins/woocommerce/assets/client/blocks/price-format.js?ver=eb7a7398126f71912b09 HTTP/1.1" 200 1917
::1 - - [09/Aug/2024:00:10:03 +0530] "GET /wp-content/plugins/woocommerce/assets/client/blocks/wc-blocks-vendors-frontend.js?ver=cbe41c7abb3949767748 HTTP/1.1" 200 234944
::1 - - [09/Aug/2024:00:10:03 +0530] "GET /wp-content/plugins/gutenberg/build/autop/index.min.js?ver=dd02809e92d21384c288 HTTP/1.1" 200 5614
::1 - - [09/Aug/2024:00:10:03 +0530] "GET /wp-content/plugins/gutenberg/build/plugins/index.min.js?ver=1beb98250668f1489afa HTTP/1.1" 200 4143
::1 - - [09/Aug/2024:00:10:03 +0530] "GET /wp-content/plugins/woocommerce/assets/client/blocks/checkout-frontend.js?ver=d7549457c5d1658f35f3 HTTP/1.1" 200 81285
::1 - - [09/Aug/2024:00:10:03 +0530] "GET /wp-content/plugins/gutenberg/build/style-engine/index.min.js?ver=a5e2ca78e79992332f4f HTTP/1.1" 200 5877
::1 - - [09/Aug/2024:00:10:03 +0530] "GET /wp-content/plugins/gutenberg/build/wordcount/index.min.js?ver=cf9956240bdc3dee807e HTTP/1.1" 200 2483
::1 - - [09/Aug/2024:00:10:09 +0530] "POST /wp-login.php?action=confirm_admin_email HTTP/1.1" 302 -
::1 - - [09/Aug/2024:00:10:36 +0530] "GET /wp-includes/js/utils.min.js?ver=6.6.1 HTTP/1.1" 200 1864
::1 - - [09/Aug/2024:00:10:36 +0530] "GET /wp-includes/css/admin-bar.min.css?ver=6.6.1 HTTP/1.1" 200 20155
::1 - - [09/Aug/2024:00:10:36 +0530] "GET /wp-includes/js/jquery/ui/core.min.js?ver=1.13.3 HTTP/1.1" 200 21464
::1 - - [09/Aug/2024:00:10:36 +0530] "GET /wp-content/plugins/jetpack/jetpack_vendor/automattic/jetpack-videopress/build/lib/token-bridge.js?ver=0.23.30 HTTP/1.1" 200 10124
::1 - - [09/Aug/2024:00:10:36 +0530] "GET /wp-content/plugins/customize-my-account-for-woocommerce/assets/js/admin_menu.js?ver=6.6.1 HTTP/1.1" 200 305
::1 - - [09/Aug/2024:00:10:36 +0530] "GET /wp-includes/js/jquery/ui/datepicker.min.js?ver=1.13.3 HTTP/1.1" 200 36748
::1 - - [09/Aug/2024:00:10:36 +0530] "GET /wp-content/plugins/woocommerce/assets/js/admin/reports.min.js?ver=9.1.4 HTTP/1.1" 200 3251
::1 - - [09/Aug/2024:00:10:36 +0530] "GET /wp-content/plugins/woocommerce/assets/js/jquery-flot/jquery.flot.min.js?ver=9.1.4 HTTP/1.1" 200 35239
::1 - - [09/Aug/2024:00:10:36 +0530] "GET /wp-content/plugins/woocommerce/assets/js/jquery-flot/jquery.flot.resize.min.js?ver=9.1.4 HTTP/1.1" 200 1178
::1 - - [09/Aug/2024:00:10:36 +0530] "GET /wp-content/plugins/woocommerce/assets/js/jquery-flot/jquery.flot.time.min.js?ver=9.1.4 HTTP/1.1" 200 4615
::1 - - [09/Aug/2024:00:10:36 +0530] "GET /wp-content/plugins/woocommerce/assets/js/jquery-flot/jquery.flot.pie.min.js?ver=9.1.4 HTTP/1.1" 200 7970
::1 - - [09/Aug/2024:00:10:36 +0530] "GET /wp-content/plugins/woocommerce/assets/js/jquery-flot/jquery.flot.stack.min.js?ver=9.1.4 HTTP/1.1" 200 1290
::1 - - [09/Aug/2024:00:10:10 +0530] "GET /wp-admin/ HTTP/1.1" 200 252155
::1 - - [09/Aug/2024:00:10:36 +0530] "GET /wp-content/plugins/woo-orders-tracking/assets/js/show-message.js?ver=1.2.11 HTTP/1.1" 200 2878
::1 - - [09/Aug/2024:00:10:36 +0530] "GET /wp-content/plugins/my-account-customize-for-wp/admin/js/cits-customize-woocommerce-my-account-page-admin.js?ver=1.0.0 HTTP/1.1" 200 837
::1 - - [09/Aug/2024:00:10:36 +0530] "GET /wp-content/plugins/akismet/_inc/akismet.js?ver=5.3.3 HTTP/1.1" 200 13286
::1 - - [09/Aug/2024:00:10:36 +0530] "GET /wp-content/plugins/akismet/_inc/akismet-admin.js?ver=5.3.3 HTTP/1.1" 200 261
::1 - - [09/Aug/2024:00:10:36 +0530] "GET /wp-content/plugins/my-account-customize-for-wp/admin/images/logo.svg HTTP/1.1" 200 1258
::1 - - [09/Aug/2024:00:10:36 +0530] "GET /wp-content/plugins/customize-my-account-for-woocommerce/assets/images/icon.png HTTP/1.1" 200 765
::1 - - [09/Aug/2024:00:10:36 +0530] "GET /wp-content/plugins/woocommerce/assets/images/dashboard-widget-setup.png HTTP/1.1" 200 5430
::1 - - [09/Aug/2024:00:10:36 +0530] "GET /wp-includes/css/editor.min.css?m=1715705349 HTTP/1.1" 200 26956
::1 - - [09/Aug/2024:00:10:36 +0530] "GET /wp-content/plugins/woocommerce/assets/css/dashboard-setup.css?m=1723141061 HTTP/1.1" 200 660
::1 - - [09/Aug/2024:00:10:36 +0530] "GET /wp-admin/js/common.min.js?ver=6.6.1 HTTP/1.1" 200 22454
::1 - - [09/Aug/2024:00:10:36 +0530] "GET /wp-includes/js/admin-bar.min.js?ver=6.6.1 HTTP/1.1" 200 3487
::1 - - [09/Aug/2024:00:10:36 +0530] "GET /wp-includes/js/wp-util.min.js?ver=6.6.1 HTTP/1.1" 200 1426
::1 - - [09/Aug/2024:00:10:36 +0530] "GET /wp-includes/js/api-request.min.js?ver=6.6.1 HTTP/1.1" 200 1023
::1 - - [09/Aug/2024:00:10:36 +0530] "GET /wp-admin/js/site-health.min.js?ver=6.6.1 HTTP/1.1" 200 6282
::1 - - [09/Aug/2024:00:10:36 +0530] "GET /wp-content/plugins/gutenberg/build/date/index.min.js?ver=5fc751fe4ae7f26be56d HTTP/1.1" 200 83355
::1 - - [09/Aug/2024:00:10:36 +0530] "GET /wp-content/plugins/gutenberg/build/rich-text/index.min.js?ver=aea40350780cca3d1a3f HTTP/1.1" 200 29968
::1 - - [09/Aug/2024:00:10:36 +0530] "GET /wp-content/plugins/gutenberg/build/components/index.min.js?ver=09e24a76744535b4f1d0 HTTP/1.1" 200 714178
::1 - - [09/Aug/2024:00:10:36 +0530] "GET /wp-includes/js/wp-ajax-response.min.js?ver=6.6.1 HTTP/1.1" 200 2505
::1 - - [09/Aug/2024:00:10:37 +0530] "GET /wp-includes/js/wp-lists.min.js?ver=6.6.1 HTTP/1.1" 200 7521
::1 - - [09/Aug/2024:00:10:37 +0530] "GET /wp-includes/js/quicktags.min.js?ver=6.6.1 HTTP/1.1" 200 11132
::1 - - [09/Aug/2024:00:10:37 +0530] "GET /wp-admin/js/edit-comments.min.js?ver=6.6.1 HTTP/1.1" 200 15349
::1 - - [09/Aug/2024:00:10:37 +0530] "GET /wp-includes/js/jquery/ui/mouse.min.js?ver=1.13.3 HTTP/1.1" 200 3428
::1 - - [09/Aug/2024:00:10:37 +0530] "GET /wp-includes/js/jquery/ui/sortable.min.js?ver=1.13.3 HTTP/1.1" 200 25504
::1 - - [09/Aug/2024:00:10:37 +0530] "GET /wp-admin/js/postbox.min.js?ver=6.6.1 HTTP/1.1" 200 6705
::1 - - [09/Aug/2024:00:10:37 +0530] "GET /wp-admin/js/dashboard.min.js?ver=6.6.1 HTTP/1.1" 200 8797
::1 - - [09/Aug/2024:00:10:37 +0530] "GET /wp-includes/js/thickbox/thickbox.js?ver=3.1-20121105 HTTP/1.1" 200 13332
::1 - - [09/Aug/2024:00:10:37 +0530] "GET /wp-admin/js/plugin-install.min.js?ver=6.6.1 HTTP/1.1" 200 2403
::1 - - [09/Aug/2024:00:10:37 +0530] "GET /wp-includes/js/wp-sanitize.min.js?ver=6.6.1 HTTP/1.1" 200 458
::1 - - [09/Aug/2024:00:10:37 +0530] "GET /wp-admin/js/updates.min.js?ver=6.6.1 HTTP/1.1" 200 48230
::1 - - [09/Aug/2024:00:10:37 +0530] "GET /wp-includes/js/shortcode.min.js?ver=6.6.1 HTTP/1.1" 200 2643
::1 - - [09/Aug/2024:00:10:37 +0530] "GET /wp-admin/js/media-upload.min.js?ver=6.6.1 HTTP/1.1" 200 1152
::1 - - [09/Aug/2024:00:10:37 +0530] "GET /wp-admin/js/svg-painter.js?ver=6.6.1 HTTP/1.1" 200 5522
::1 - - [09/Aug/2024:00:10:37 +0530] "GET /wp-includes/js/heartbeat.min.js?ver=6.6.1 HTTP/1.1" 200 6013
::1 - - [09/Aug/2024:00:10:37 +0530] "GET /wp-includes/js/wp-auth-check.min.js?ver=6.6.1 HTTP/1.1" 200 1658
::1 - - [09/Aug/2024:00:10:37 +0530] "GET /wp-content/plugins/jetpack/_inc/build/deprecate.min.js?ver=13.7-beta HTTP/1.1" 200 389
::1 - - [09/Aug/2024:00:10:37 +0530] "GET /wp-content/plugins/sticky-menu-or-anything-on-scroll/assets/js/sticky-admin-pointers.js?ver=1 HTTP/1.1" 200 869
::1 - - [09/Aug/2024:00:10:37 +0530] "GET /wp-includes/js/wp-pointer.min.js?ver=6.6.1 HTTP/1.1" 200 3621
::1 - - [09/Aug/2024:00:10:37 +0530] "GET /wp-includes/js/jquery/ui/draggable.min.js?ver=1.13.3 HTTP/1.1" 200 18420
::1 - - [09/Aug/2024:00:10:37 +0530] "GET /wp-content/plugins/elementor/assets/lib/backbone/backbone.marionette.min.js?ver=2.4.5.e1 HTTP/1.1" 200 45156
::1 - - [09/Aug/2024:00:10:37 +0530] "GET /wp-content/plugins/elementor/assets/lib/backbone/backbone.radio.min.js?ver=1.0.4 HTTP/1.1" 200 3753
::1 - - [09/Aug/2024:00:10:37 +0530] "GET /wp-content/plugins/elementor/assets/js/common-modules.min.js?ver=3.23.0-dev6 HTTP/1.1" 200 106481
::1 - - [09/Aug/2024:00:10:37 +0530] "GET /wp-content/plugins/elementor/assets/js/web-cli.min.js?ver=3.23.0-dev6 HTTP/1.1" 200 179347
::1 - - [09/Aug/2024:00:10:37 +0530] "GET /wp-content/plugins/elementor/assets/lib/dialog/dialog.min.js?ver=4.9.0 HTTP/1.1" 200 10777
::1 - - [09/Aug/2024:00:10:37 +0530] "GET /wp-content/plugins/elementor/assets/js/dev-tools.min.js?ver=3.23.0-dev6 HTTP/1.1" 200 7678
::1 - - [09/Aug/2024:00:10:37 +0530] "GET /wp-content/plugins/elementor/assets/js/common.min.js?ver=3.23.0-dev6 HTTP/1.1" 200 160783
::1 - - [09/Aug/2024:00:10:37 +0530] "GET /wp-content/plugins/elementor/assets/js/import-export-admin.min.js?ver=3.23.0-dev6 HTTP/1.1" 200 6317
::1 - - [09/Aug/2024:00:10:37 +0530] "GET /wp-content/plugins/elementor/assets/js/app-loader.min.js?ver=3.23.0-dev6 HTTP/1.1" 200 92582
::1 - - [09/Aug/2024:00:10:37 +0530] "GET /wp-content/plugins/elementor/assets/js/admin-modules.min.js?ver=3.23.0-dev6 HTTP/1.1" 200 17895
::1 - - [09/Aug/2024:00:10:37 +0530] "GET /wp-content/plugins/elementor/assets/js/admin.min.js?ver=3.23.0-dev6 HTTP/1.1" 200 55842
::1 - - [09/Aug/2024:00:10:37 +0530] "GET /wp-content/plugins/elementor/assets/js/media-hints.min.js?ver=3.23.0-dev6 HTTP/1.1" 200 6217
::1 - - [09/Aug/2024:00:10:37 +0530] "GET /wp-content/plugins/woocommerce-payments/dist/multi-currency-analytics.js?ver=8.0.1 HTTP/1.1" 200 2615
::1 - - [09/Aug/2024:00:10:37 +0530] "GET /wp-content/plugins/woocommerce-direct-checkout/assets/backend/qlwcdc-admin.min.js?ver=3.3.7 HTTP/1.1" 200 6246
::1 - - [09/Aug/2024:00:10:36 +0530] "GET /_static/??-eJydVdGS2yAM/KFynNtO+9Tpp9xgrLPVAGKQsJt+fTFpErcJvkufjL1ohaRdrJeoLAWBIDq6PGJgvRBZ8h6SBRXN0ReMtWGG8rBcloPH8FRWH/Sd6DhRgHiJVEwuC1JBWI4OLnGVpfIxCqgJjJPpacuMwbo8AOsfrGVCe+jp52Vxh2c9NIW/KK7gKyXPDayuVDltbmwYDE89mTQ0cIcsSkzvoJUCBpQGlGBGXhvUwH2JNQ1MJvDNnKan3EoazFwL5vsdX7eU90hYhpsaHAsOY9FEA61TRdsciOueQzt5n0X+bckdnSpKAyRWkow9YBi3MuWJllIjsxmhWaHJMik7gT3sprKZhTz+AuWPylhLuSi7SEptvHJjkZeqqBblhujKXimj3mgahTf41pobglhKVPu2BAerHQt/D2K0pyEXteoBZnAUIalVoUWF2ypuwLfZz+EOew3r9E9M1+z1226vb7ga3n5XXDWIcjhO8njwqaN7YeaA7EH0S9HV+eV9m19pvVVP9nqE/Y0xN/S4q8RGzPXS+08DzuicOQ2Ac4yU9kdgEy0D4xiMU/W21heznvzw556uvxF+tBpjBWdzFvF3/637+vFT97l7/tL9Bre3pGA= HTTP/1.1" 200 554553
::1 - - [09/Aug/2024:00:10:37 +0530] "GET /wp-content/plugins/jetpack/modules/wpgroho.js?ver=13.7-beta HTTP/1.1" 200 1953
::1 - - [09/Aug/2024:00:10:37 +0530] "GET /wp-includes/js/wplink.min.js?ver=6.6.1 HTTP/1.1" 200 11332
::1 - - [09/Aug/2024:00:10:37 +0530] "GET /wp-includes/js/jquery/ui/menu.min.js?ver=1.13.3 HTTP/1.1" 200 10199
::1 - - [09/Aug/2024:00:10:37 +0530] "GET /wp-includes/js/jquery/ui/autocomplete.min.js?ver=1.13.3 HTTP/1.1" 200 8536
::1 - - [09/Aug/2024:00:10:37 +0530] "GET /wp-content/plugins/jetpack/_inc/build/scan/admin-bar-notice.min.js?minify=false&ver=1 HTTP/1.1" 200 663
::1 - - [09/Aug/2024:00:10:37 +0530] "GET /wp-content/plugins/elementor/assets/lib/eicons/fonts/eicons.woff2?5.30.0 HTTP/1.1" 200 97132
::1 - - [09/Aug/2024:00:10:37 +0530] "GET /wp-includes/js/wp-emoji-release.min.js?ver=6.6.1 HTTP/1.1" 200 18726
::1 - - [09/Aug/2024:00:10:37 +0530] "POST /wp-admin/admin-ajax.php HTTP/1.1" 200 92
::1 - - [09/Aug/2024:00:10:37 +0530] "GET /wp-json/jetpack/v4/scan HTTP/1.1" 200 338
::1 - - [09/Aug/2024:00:10:38 +0530] "GET /wp-json/jetpack/v4/stats-app/sites/234007041/stats/visits?unit=day&quantity=7&date=2024-08-09&stat_fields=views%2Cvisitors HTTP/1.1" 200 216
::1 - - [09/Aug/2024:00:10:42 +0530] "GET /wp-admin/images/spinner.gif HTTP/1.1" 200 3656
::1 - - [09/Aug/2024:00:10:40 +0530] "GET /wp-json/jetpack/v4/module/protect/data HTTP/1.1" 200 1
::1 - - [09/Aug/2024:00:10:38 +0530] "GET /wp-json/jetpack/v4/stats-app/sites/234007041/stats/referrers?period=day&num=7&date=2024-08-09&summarize=1&max=0 HTTP/1.1" 200 343
::1 - - [09/Aug/2024:00:10:38 +0530] "GET /wp-json/jetpack/v4/stats-app/sites/234007041/stats/top-posts?period=day&num=7&date=2024-08-09&summarize=1&max=0 HTTP/1.1" 200 736
::1 - - [09/Aug/2024:00:10:41 +0530] "GET /wp-json/jetpack/v4/module/akismet/data HTTP/1.1" 200 13
::1 - - [09/Aug/2024:00:10:39 +0530] "POST /wp-cron.php?doing_wp_cron=1723142439.3671960830688476562500 HTTP/1.1" 200 -
::1 - - [09/Aug/2024:00:10:37 +0530] "GET /wp-admin/admin-ajax.php?action=dashboard-widgets&widget=dashboard_primary&pagenow=dashboard HTTP/1.1" 200 992
::1 - - [09/Aug/2024:00:11:12 +0530] "POST /wp-admin/admin-ajax.php HTTP/1.1" 200 16
::1 - - [09/Aug/2024:00:11:21 +0530] "GET /wp-admin/options-permalink.php HTTP/1.1" 200 104506
::1 - - [09/Aug/2024:00:11:23 +0530] "POST /wp-cron.php?doing_wp_cron=1723142483.2913269996643066406250 HTTP/1.1" 200 -
::1 - - [09/Aug/2024:00:11:24 +0530] "GET /_static/??-eJyVlNFyGyEMRX+oBG/TaZ86+ZQMC8quakAMAm/crw/LtjatzSZ5Mva1ruaiI+QShCafwCcZbJ7Qs1yINDkHUYMI6uyKxlIxQ/nQXI7GoX8opy/yTnWYyUO4VAommxNSUTidLVzqqkv1W5uRf2hNr+ILRccdrZ5E6ZI7fzCK55FUNB3dIieR1Gih1wIMpo4U4YS8BuvortSqjpZmcN2eaqTca+rVqQb+txa9ttnANp7yPRCWocSOx4JmKrPsqIwJBOruQOxw8P3mY07p/yu5w5egaCCySFHpI/qpxYtnWkpGZjVBN6HKaRZ6Bn3cbaUzJ3L4G4Q7C6U15UJkQUo0jN+g/VyJ6lk2Rlf3ahlkwzQmbvR2pRqDUCKK/XUCC+saFf8RkpKOTC60SgMnsBQgipXQQmGb4kZ83/1vucVRwjr9zenavf62e9c3Xp3d/lBdXRBhcZrT54u3G73L6K/VGvVxpNfLYQ/Ue5Ds4vEO3Ce0Vm3hOIdAcT+ejrQYxskrK+pLKC9JNtb+vIH1aeXV5sn9HH58fRy+DYfvwxtszzST HTTP/1.1" 200 520882
::1 - - [09/Aug/2024:00:11:34 +0530] "POST /wp-admin/options-permalink.php HTTP/1.1" 302 -
::1 - - [09/Aug/2024:00:11:36 +0530] "GET /wp-admin/options-permalink.php?settings-updated=true HTTP/1.1" 200 104804
::1 - - [09/Aug/2024:00:11:44 +0530] "GET /wp-content/plugins/gutenberg/build/interactivity/index.min.js?ver=18.8.0 HTTP/1.1" 200 36361
::1 - - [09/Aug/2024:00:11:44 +0530] "GET /wp-content/plugins/gutenberg/build/interactivity/navigation.min.js?ver=18.8.0 HTTP/1.1" 200 3336
::1 - - [09/Aug/2024:00:11:44 +0530] "GET /wp-content/uploads/2024/06/final-bulb-lit-without-bg.png HTTP/1.1" 200 26541
::1 - - [09/Aug/2024:00:11:42 +0530] "GET / HTTP/1.1" 200 187177
::1 - - [09/Aug/2024:00:11:44 +0530] "GET /wp-content/plugins/woocommerce/assets/images/pattern-placeholders/music-needle-turntable-black-and-white-white-photography.jpg HTTP/1.1" 200 213467
::1 - - [09/Aug/2024:00:11:44 +0530] "GET /wp-content/plugins/woocommerce/assets/images/pattern-placeholders/tree-branch-plant-wood-leaf-flower.jpg HTTP/1.1" 200 542385
::1 - - [09/Aug/2024:00:11:44 +0530] "GET /wp-content/plugins/woocommerce/assets/images/pattern-placeholders/watch-hand-brand-jewellery-strap-platinum.jpg HTTP/1.1" 200 154559
::1 - - [09/Aug/2024:00:11:44 +0530] "GET /wp-content/plugins/woocommerce/assets/images/pattern-placeholders/white-vase-decoration-pattern-ceramic-lamp.jpg HTTP/1.1" 200 574990
::1 - - [09/Aug/2024:00:11:44 +0530] "GET /wp-content/plugins/woocommerce/assets/client/blocks/wc-blocks.css?m=1723141061 HTTP/1.1" 200 12795
::1 - - [09/Aug/2024:00:11:44 +0530] "GET /_static/??-eJy9lN1WgzAMx1/IrE6dXnm88BwvfItSAqtLG2zaIT69BZyiHubHPLuCJM0vSQN/1TZg2Ef0UTWUautF1SmbBYZaFclSqQpiswGyRdChGy1RXm9traNlryR2hAsjcqL+SjO8xfANCLV0QJzfoWU27BwGg+qJGSoODiqLVApUrdIiGDNUZIjqqoL/Que+VZWzdYvCDldDEU20cNb/E16Q0MSz3XOeSuiyzWE3b5+MNh8bR3+Lw+Db3+FnVg/oG2X/+7y4zs684Xod9yabJJGdfUZwHWhjOPnYX8iHS5pwqzAASkjePqb5bU5o7yUGbqOaVJA143g2yuTApOi0n0bXCGPWcQquOdjn/guj49QrddhAiWLr+U3NLGRKJN1xigcQDik+qMjw2f32H/wkFUh/U4qvmF4kZBazgvtEHVRaYghg1mg2+fZgDKu7wX0r8/kPGBttNspxmQhzYR04ZcFQ0toGAxTJl3ummE1/DcDO8WNCtIQl1FkJMav6Hqsn3rjr5dXZ+fJieXq5fAG/R3zO HTTP/1.1" 200 333586
::1 - - [09/Aug/2024:00:11:44 +0530] "GET /_static/??-eJylk9tOwzAMhl8IN2wguEJc8wBcozRxO7du3OXAVp6etOu0IrFKMKlSbNn+/Mep1aEHcoaTxaCa/O0T+mE+oKPa64hFR65owp3KyUZcRBdVz6kmFxTqMABLtuEgYqTr0BtURxGoxHdQEbINUB0UU6kCMpq4PZ+3Q3UIGCflY1BXFTThGtWkEKWjL4RuAG2MJBdH3o8eF2Dlp3oLyVEexzXqgnVpMFF71aeSyYwwQzEs4ouOSzG9rhFORdfahUimzS+DLkFuot0Qd+RqEAfBeGFe3KDZw5x+Tlt7yd+nMP8JJYtpE81uMbnvb3/HnYeqtLUQBYz28R+i8ixFWsJsFSfrBimL8Bqlwdhr06qPvC+qTMRWRWK0UGvmcWlWvCV3uW6WQlSfWYT4MdQLDxUxr8moU3ZL9PWsYZevHxQ5i8e57LV72TxvHzaPm/un7TelfHfg HTTP/1.1" 200 165883
::1 - - [09/Aug/2024:00:11:45 +0530] "GET /_static/??/wp-includes/js/hoverintent-js.min.js,/wp-includes/js/admin-bar.min.js,/wp-content/plugins/easy-login-woocommerce/assets/js/xoo-el-js.js?m=1723141051 HTTP/1.1" 200 16820
::1 - - [09/Aug/2024:00:11:45 +0530] "GET /wp-content/plugins/woocommerce/assets/css/woocommerce-smallscreen.css?m=1723141061 HTTP/1.1" 200 7043
::1 - - [09/Aug/2024:00:11:45 +0530] "GET /wp-content/themes/zaino/assets/images/hero.jpg HTTP/1.1" 200 244460
::1 - - [09/Aug/2024:00:11:45 +0530] "GET /_static/??-eJyVz0tqw0AMBuALVVGdhnZVeonuy1hWEjkzkhlpCO7pY0INCaSFLvX6+IXnCcg0WAOn3A6ijtQ8rMg3Q5khEVnTgL1VOJuRlcKVGJM7h+PouK/X+2Ez+hM+4DyETjMU1gYLknSOo+gBTMGpWs431nX38yj+G/Y4gltbGv2Sm+tdsSmi/6PWb9DqwEvaiCp9CzH9yxo5pkQn/BIl7JvkASlVa855ncHa+HE+ynv3tn3pdt3z6/YCm+KUyQ== HTTP/1.1" 200 45004
::1 - - [09/Aug/2024:00:11:45 +0530] "GET /wp-content/themes/zaino/assets/fonts/archivo_800.ttf HTTP/1.1" 200 120016
::1 - - [09/Aug/2024:00:11:45 +0530] "GET /wp-content/themes/zaino/assets/fonts/archivo_600.ttf HTTP/1.1" 200 119952
::1 - - [09/Aug/2024:00:11:45 +0530] "GET /_static/??-eJyNykEOwiAQheEL2U7RNnVjPAuFCYIwg8Ck6e1l060xeYs/Lx/seTBMDalBjuI8VQjYsjZvSGwlYoU9u8IvHkO99B48mSi2/6HvI1gOEA+GC47J02+VWOofzBbtnN7iSZ/podbrTc1qWu5fuH1BSw== HTTP/1.1" 200 45273
::1 - - [09/Aug/2024:00:11:45 +0530] "GET /_static/??-eJydjEEOgzAMBD9UMGmpyqXqW5JgIdPYRrFRv98cqt7htLOHGfhsXVZxFIet7AuJARbk9rVCNEM3KJQgxfxOKviHnmOltu4NSfrVLnA+VuNMeqizGmRlVulY572g/ewXP8PjegtjGO7TFz8PUyM= HTTP/1.1" 200 155396
::1 - - [09/Aug/2024:00:11:45 +0530] "GET /_static/??/wp-content/plugins/elementor/assets/lib/dialog/dialog.min.js,/wp-includes/js/api-request.min.js?m=1723141057 HTTP/1.1" 200 11804
::1 - - [09/Aug/2024:00:11:52 +0530] "GET /wp-content/plugins/my-account-customize-for-wp/public/images/cart-white.svg HTTP/1.1" 200 777
::1 - - [09/Aug/2024:00:11:52 +0530] "GET /wp-content/plugins/my-account-customize-for-wp/public/images/cart-plus.svg HTTP/1.1" 200 762
::1 - - [09/Aug/2024:00:11:52 +0530] "GET /wp-content/plugins/my-account-customize-for-wp/public/images/download.svg HTTP/1.1" 200 637
::1 - - [09/Aug/2024:00:11:52 +0530] "GET /wp-content/plugins/my-account-customize-for-wp/public/images/download-white.svg HTTP/1.1" 200 652
::1 - - [09/Aug/2024:00:11:52 +0530] "GET /wp-content/plugins/my-account-customize-for-wp/public/images/location-dot.svg HTTP/1.1" 200 399
::1 - - [09/Aug/2024:00:11:50 +0530] "GET /my-account/ HTTP/1.1" 200 199134
::1 - - [09/Aug/2024:00:11:52 +0530] "GET /_static/??-eJy9VcFy3CAM/aEqdNOkPXV66EwP/QsZyzZjDBRBXOfrC3idddJ4N9ndyckYoacnpCfE6EBaE8gE4XRslWHRxvRbkW9FFZWuRaWt7EGryqOf5j8WBh9Ui0FZIzhMmm4k8yfxCtporbTDQF6SQGYKLKRW+cQeaZQwr86HkJGDTXZAKW00YRPJddaQI3A4DWkf2OqYc+BLkxiUUSDRh8X1gmwcyh5bYrgWp00IQp5A27SGNdpfa6GxfoBGka4ZmvEpAHOxYtOcYPd26NRYokneOBKnIt6XIKj1TeJ/JXgmTTLcLt9tVE25Laxf8s3OpGRukMzqyQ5l7zjDl1gZIBO15v1+oUubSYJtF446z0JQjwTDtIghXwi81iwJt/EFoL4a4Km6nUsQolF/4na7rdAOIQquEy5WWsn5/lXg1YFV0DUfl9QHs9fHBOysV49ZAvpj4tXoe6iJVbtdqY2CrBE1TjZuT5fTCJcEL0Ou6OK9Q+LFLCN93ij7HyZPse25fw+/o56gQQ7eg+xI9un2YDaLX2X7Jx99N8D6mjxD8OmJUKZdcyimVNSASr/p8TlQGNCkjvf7536RXEF9fjNYJ23vB5lOveeU7Mk/E/zhSIO+CimrJKL9gR/D99232y+7u93nr7t/lo8+Rg== HTTP/1.1" 200 451229
::1 - - [09/Aug/2024:00:11:52 +0530] "GET /_static/??/wp-includes/js/dist/vendor/wp-polyfill.min.js,/wp-content/plugins/gutenberg/build/hooks/index.min.js?m=1723141055 HTTP/1.1" 200 42856
::1 - - [09/Aug/2024:00:11:52 +0530] "GET /_static/??/wp-includes/js/hoverintent-js.min.js,/wp-includes/js/admin-bar.min.js,/wp-content/plugins/gutenberg/build/url/index.min.js?m=1723141055 HTTP/1.1" 200 13474
::1 - - [09/Aug/2024:00:11:53 +0530] "GET /wp-content/plugins/woocommerce/assets/client/blocks/mini-cart-frontend.js?ver=eba896c62201a23c4175 HTTP/1.1" 200 6458
::1 - - [09/Aug/2024:00:11:53 +0530] "GET /wp-content/plugins/easy-login-woocommerce/assets/js/xoo-el-js.js?m=1723141051 HTTP/1.1" 200 11609
::1 - - [09/Aug/2024:00:11:52 +0530] "GET /_static/??-eJylU8Fu2zAM/aHRarqh22XoeR8w7CzTtMNEElVRQup+feXEaVygydIGECAKfHykyEezi8ABXelIzaaep0JpnC/wPCSbqfEcmo1+MxWMEjKFbKIrAwc1ZHUEJ9WGnQiK95SQzLMI9JI89EyuU+h3xnFrlBxhvj/et5NaVcr7yien7XvY6DlWLJrF8wuBH8EiSgl54nuX40TYp318ByVwbcc51gXXKcGeNZpYWsc4kSFnXfgXGZfFRDsQHILOpdPMuK2ToVCgJrFhzGsOA0gAxSTOLX6weYIZfoRdmuTHXZiV0DrBbeH52eyff/98nu7YVGO7DrIA2pQ/z3KQzz+Rk9X0xblb6plHwKtf4QtdqsMV2TJVqzlYN9SycC9ZPtjTOhGUdAXKS9ErYF2yw2BbdwVUHXeU/oOb5VK4yVJwXbUdcH3E264GT2BOrEuiNweKqxqPVcLvM70BepvabCeRn2t1XEugWLfKjnVnMqi4klnCoePx0pQuh9ZtohQTh1zjH/3v1c/776sfq7uHu1dwqAMH HTTP/1.1" 200 808248
::1 - - [09/Aug/2024:00:11:52 +0530] "GET /_static/??-eJydzFEOQDAMANALmRrClzgLTcnY1mWtLG6PK/h/eVCSQY5KUSH5a3dRoDAjh0AZCRYRUgH07hOrZzwFUnZIZuMcFq0PqeBPUtDonUjeYA6THdvO9rYZ7AMmSTY/ HTTP/1.1" 200 4550
::1 - - [09/Aug/2024:00:11:53 +0530] "GET /wp-content/plugins/my-account-customize-for-wp/public/images/user-white.svg HTTP/1.1" 200 425
::1 - - [09/Aug/2024:00:11:53 +0530] "GET /wp-content/plugins/my-account-customize-for-wp/public/images/location-dot-white.svg HTTP/1.1" 200 414
::1 - - [09/Aug/2024:00:11:53 +0530] "GET /wp-content/plugins/my-account-customize-for-wp/public/images/user.svg HTTP/1.1" 200 410
::1 - - [09/Aug/2024:00:11:53 +0530] "GET /wp-content/plugins/my-account-customize-for-wp/public/images/arrow-right-back-white.svg HTTP/1.1" 200 657
::1 - - [09/Aug/2024:00:11:53 +0530] "GET /wp-content/plugins/my-account-customize-for-wp/public/images/arrow-right-back.svg HTTP/1.1" 200 642
::1 - - [09/Aug/2024:00:11:53 +0530] "GET /_static/??-eJyVz0EOgkAMBdALWQpqdGW8hBeAocAg05JpJwRPLyGaaIILl236X35xGsEJG7HhOKTWs6JLahL8gyDMUDoniQ0aiTCJOAmBoiMsVckUe8Umrvk663WHG5yad/cZAnGCBSl5ts5zC8KgLsowfFjr7a3z+gvbrqCSlkW19Kb4NWTB83/U+xuUWNPS1iz6KpkXflnXcCnO+0NxLPJT/gQCG3lu HTTP/1.1" 200 20795
::1 - - [09/Aug/2024:00:11:53 +0530] "GET /_static/??/wp-content/plugins/jetpack/modules/wpgroho.js,/wp-content/plugins/woocommerce-checkout-manager/build/frontend/js/index.js?m=1723141058 HTTP/1.1" 200 17199
::1 - - [09/Aug/2024:00:11:53 +0530] "GET /wp-json/wc/store/v1/cart?_locale=user HTTP/1.1" 200 5570
::1 - - [09/Aug/2024:00:11:55 +0530] "GET /wp-content/plugins/customize-my-account-for-woocommerce/assets/webfonts/fa-solid-900.woff HTTP/1.1" 200 120609
::1 - - [09/Aug/2024:00:11:53 +0530] "GET /wp-content/plugins/customize-my-account-for-woocommerce/assets/webfonts/fa-solid-900.woff2 HTTP/1.1" 500 200169
::1 - - [09/Aug/2024:00:11:53 +0530] "GET /wp-content/uploads/2024/06/final-bulb-lit-without-bg-2-300x74.png HTTP/1.1" 500 200085
::1 - - [09/Aug/2024:00:11:55 +0530] "GET /my-account/customer-logout/?_wpnonce=1ff13ffa53 HTTP/1.1" 302 -
::1 - - [09/Aug/2024:00:11:56 +0530] "GET /wp-login.php?action=logout&redirect_to=http%3A%2F%2Flocalhost%3A10004%2Fmy-account%2F&_wpnonce=bd9105ed19 HTTP/1.1" 302 -
::1 - - [09/Aug/2024:00:11:59 +0530] "GET /wp-content/plugins/gutenberg/build/url/index.min.js?m=1723141055 HTTP/1.1" 200 8263
::1 - - [09/Aug/2024:00:11:58 +0530] "GET /my-account/ HTTP/1.1" 200 171717
::1 - - [09/Aug/2024:00:11:59 +0530] "GET /_static/??-eJy9lc2S0zAMgF8IrenCwonhwAwH3kJx5NQT+QfLJmSfHidpaRY2dGk7e4ptyZ8k6ydqiKCDz+Szilw660V1pW4bSp1qiuVWNRx0D2ybhGlcdqI8/rAdZhu8kjwy3WmRN+oZ2hCCDs5R0qRQhLIozXbSOJAGDcvqcoQukkOVA2odis+bpLgPniJBxNHVc5DAZYpBrg3CWW9BY8rHq1dEE1H32JHArXzaRBDKCBzqGta0nyGACcmBscStgBl+GxCZpWjMGe9ejq6FpUy9jQNJTeLDbASZ76r/N8ILMel8f/xuUpc6so8EbjzW0sSD5966emnSDGhvBjwX9qUOQvH2e9nO1op2MjFzo4qlYatnnLZZVgoro2t/Yi1eWG69jsF9SPZxqiB+HXstph5aEtttZ2ojIWsi4xjKdnOeJ1xjfJ4ReU/uv1v4j1FAfNkk+BszDYHtsfkA3wqPYFBySqD3pPv6erCI1df5+Iv8c+xCSC0lgZzqhLW+W/swi2pSM1p+0ew+ueDQ14pPh7/lseVm6tOXwbb29lJngWvtRat7Sk8a/qRiMDW5RlWb6KDw2X3afbx/t3u/e/th9wtn8PR3 HTTP/1.1" 200 404544
::1 - - [09/Aug/2024:00:12:00 +0530] "GET /wp-content/plugins/easy-login-woocommerce/assets/images/popup-sidebar.jpg HTTP/1.1" 200 28937
::1 - - [09/Aug/2024:00:12:00 +0530] "GET /wp-content/plugins/easy-login-woocommerce/assets/fonts/Easy-Login.ttf?oy4gsz HTTP/1.1" 200 2420
::1 - - [09/Aug/2024:00:11:59 +0530] "GET /_static/??-eJyVz1GOwkAIBuALiWPV6NNmL7EXmFJs0Q6YgYnW0zsxMWqiifsIgY+fcDoCqjiJh+NYehYLWMw18YUgTRARtYjDTjOcVFFToowUohm5hb2FXb7td/O9zcIbzpzxMEEiKVCRKJMPLD2ogGHWcXyybrN/A9sn7H0E01Ibbc1N+aWYJ5b/UfdvguaOalr3zG1xVvnSAhwID1ocUpTY10Bt4bF7wPUIS0fnav2mn2a7XDXrZrFZXAEOV5aP HTTP/1.1" 200 36039
::1 - - [09/Aug/2024:00:12:00 +0530] "GET /wp-content/plugins/customize-my-account-for-woocommerce/assets/webfonts/fa-regular-400.woff2 HTTP/1.1" 200 25096
::1 - - [09/Aug/2024:00:11:59 +0530] "GET /wp-content/uploads/2024/06/final-bulb-lit-without-bg-2-300x74.png HTTP/1.1" 500 177798
::1 - - [09/Aug/2024:00:12:00 +0530] "GET /wp-json/wc/store/v1/cart?_locale=user HTTP/1.1" 200 1028
::1 - - [09/Aug/2024:00:12:02 +0530] "GET /wp-content/plugins/phonepe-payment-solutions/js/ppex_block_checkout.js HTTP/1.1" 200 598
::1 - - [09/Aug/2024:00:12:02 +0530] "GET /wp-content/plugins/woocommerce/assets/client/blocks/wc-payment-method-cod.js?ver=5f402826b33bac8f9e43 HTTP/1.1" 200 23118
::1 - - [09/Aug/2024:00:12:02 +0530] "GET /wp-content/plugins/woocommerce/assets/client/blocks/mini-cart-component-frontend.js?ver=64d11b5b30724a537c38 HTTP/1.1" 200 44670
::1 - - [09/Aug/2024:00:12:02 +0530] "GET /wp-content/plugins/woocommerce/assets/client/blocks/mini-cart-contents-block/empty-cart-frontend.js?ver=wc-9.1.4 HTTP/1.1" 200 575
::1 - - [09/Aug/2024:00:12:02 +0530] "GET /wp-content/plugins/woocommerce/assets/client/blocks/mini-cart-contents-block/filled-cart-frontend.js?ver=wc-9.1.4 HTTP/1.1" 200 408
::1 - - [09/Aug/2024:00:12:02 +0530] "GET /wp-content/plugins/woocommerce/assets/client/blocks/mini-cart-contents-block/shopping-button-frontend.js?ver=wc-9.1.4 HTTP/1.1" 200 810
::1 - - [09/Aug/2024:00:12:00 +0530] "GET /wp-content/plugins/customize-my-account-for-woocommerce/assets/webfonts/fa-solid-900.woff2 HTTP/1.1" 500 177902
::1 - - [09/Aug/2024:00:12:12 +0530] "POST /wp-admin/admin-ajax.php HTTP/1.1" 200 185
::1 - - [09/Aug/2024:00:12:17 +0530] "GET /wp-content/plugins/gutenberg/build/i18n/index.min.js?ver=5baa98e4345eccc97e24 HTTP/1.1" 304 -
::1 - - [09/Aug/2024:00:12:17 +0530] "GET /wp-content/plugins/woocommerce/assets/client/blocks/cart-frontend.js?ver=1c5ebcb58df698a17253 HTTP/1.1" 304 -
::1 - - [09/Aug/2024:00:12:17 +0530] "GET /wp-content/plugins/woocommerce/assets/client/blocks/blocks-checkout.js?ver=5980872eb77817dd6b18 HTTP/1.1" 304 -
::1 - - [09/Aug/2024:00:12:17 +0530] "GET /wp-content/plugins/woocommerce/assets/client/blocks/blocks-components.js?ver=211abb6906805368a551 HTTP/1.1" 304 -
::1 - - [09/Aug/2024:00:12:17 +0530] "GET /wp-content/plugins/woocommerce/assets/client/blocks/wc-blocks-data.js?ver=3b21c127321dcdffaeba HTTP/1.1" 304 -
::1 - - [09/Aug/2024:00:12:17 +0530] "GET /wp-content/plugins/woocommerce/assets/client/blocks/wc-blocks-registry.js?ver=1c879273bd5c193cad0a HTTP/1.1" 304 -
::1 - - [09/Aug/2024:00:12:17 +0530] "GET /wp-content/plugins/gutenberg/build/data/index.min.js?ver=f446e74635a04d62e32e HTTP/1.1" 304 -
::1 - - [09/Aug/2024:00:12:17 +0530] "GET /wp-content/plugins/gutenberg/build/compose/index.min.js?ver=c05cdefe5101c8a221a2 HTTP/1.1" 304 -
::1 - - [09/Aug/2024:00:12:17 +0530] "GET /wp-content/plugins/gutenberg/build/deprecated/index.min.js?ver=5f56b9106e825b0b4ab3 HTTP/1.1" 304 -
::1 - - [09/Aug/2024:00:12:17 +0530] "GET /wp-content/plugins/gutenberg/build/hooks/index.min.js?ver=3aee234ea7807d8d70bc HTTP/1.1" 304 -
::1 - - [09/Aug/2024:00:12:17 +0530] "GET /wp-content/plugins/gutenberg/build/dom/index.min.js?ver=44e4bca27663d6dfa4f6 HTTP/1.1" 304 -
::1 - - [09/Aug/2024:00:12:17 +0530] "GET /wp-content/plugins/gutenberg/build/element/index.min.js?ver=30b6834ec0d0e2c24761 HTTP/1.1" 304 -
::1 - - [09/Aug/2024:00:12:17 +0530] "GET /wp-content/plugins/gutenberg/build/escape-html/index.min.js?ver=fbad781820bda8333f76 HTTP/1.1" 304 -
::1 - - [09/Aug/2024:00:12:17 +0530] "GET /wp-content/plugins/gutenberg/build/is-shallow-equal/index.min.js?ver=5299ef30233b42ce5199 HTTP/1.1" 304 -
::1 - - [09/Aug/2024:00:12:17 +0530] "GET /wp-content/plugins/gutenberg/build/keycodes/index.min.js?ver=54656f44cb3b10270813 HTTP/1.1" 304 -
::1 - - [09/Aug/2024:00:12:17 +0530] "GET /wp-content/plugins/gutenberg/build/priority-queue/index.min.js?ver=c01f24e11b08ca4aff89 HTTP/1.1" 304 -
::1 - - [09/Aug/2024:00:12:17 +0530] "GET /wp-content/plugins/gutenberg/build/private-apis/index.min.js?ver=9c57f8d4eb57d8d2bc70 HTTP/1.1" 304 -
::1 - - [09/Aug/2024:00:12:17 +0530] "GET /wp-content/plugins/gutenberg/build/redux-routine/index.min.js?ver=786aeb57a8ae5605915c HTTP/1.1" 304 -
::1 - - [09/Aug/2024:00:12:17 +0530] "GET /wp-content/plugins/woocommerce/assets/client/blocks/wc-settings.js?ver=07c2f0675ddd247d2325 HTTP/1.1" 304 -
::1 - - [09/Aug/2024:00:12:17 +0530] "GET /wp-content/plugins/gutenberg/build/api-fetch/index.min.js?ver=1d1bb669e2c3067cc691 HTTP/1.1" 304 -
::1 - - [09/Aug/2024:00:12:17 +0530] "GET /wp-content/plugins/gutenberg/build/url/index.min.js?ver=a6fb0cfbb9a37fe64b17 HTTP/1.1" 304 -
::1 - - [09/Aug/2024:00:12:17 +0530] "GET /wp-content/plugins/woocommerce/assets/client/blocks/wc-types.js?ver=bda84b1be3361607d04a HTTP/1.1" 304 -
::1 - - [09/Aug/2024:00:12:17 +0530] "GET /wp-content/plugins/gutenberg/build/data-controls/index.min.js?ver=9a8040a4ddc992b9fdcf HTTP/1.1" 304 -
::1 - - [09/Aug/2024:00:12:17 +0530] "GET /wp-content/plugins/gutenberg/build/html-entities/index.min.js?ver=e9ce7ebd2e4bd93c7be1 HTTP/1.1" 304 -
::1 - - [09/Aug/2024:00:12:17 +0530] "GET /wp-content/plugins/gutenberg/build/notices/index.min.js?ver=3b1baf0bf68fbf761c53 HTTP/1.1" 304 -
::1 - - [09/Aug/2024:00:12:17 +0530] "GET /wp-content/plugins/woocommerce/assets/client/blocks/wc-blocks-middleware.js?ver=ca04183222edaf8a26be HTTP/1.1" 304 -
::1 - - [09/Aug/2024:00:12:17 +0530] "GET /wp-content/plugins/gutenberg/build/a11y/index.min.js?ver=9061ce25a6ee8a006b52 HTTP/1.1" 304 -
::1 - - [09/Aug/2024:00:12:17 +0530] "GET /wp-content/plugins/gutenberg/build/dom-ready/index.min.js?ver=222ad38e3e5e302c8bbf HTTP/1.1" 304 -
::1 - - [09/Aug/2024:00:12:17 +0530] "GET /wp-content/plugins/gutenberg/build/primitives/index.min.js?ver=7c58ef27d83cfff22196 HTTP/1.1" 304 -
::1 - - [09/Aug/2024:00:12:17 +0530] "GET /wp-content/plugins/woocommerce/assets/client/blocks/wc-blocks-vendors-frontend.js?ver=cbe41c7abb3949767748 HTTP/1.1" 304 -
::1 - - [09/Aug/2024:00:12:17 +0530] "GET /wp-content/plugins/gutenberg/build/warning/index.min.js?ver=180dc4315a2b8452c969 HTTP/1.1" 304 -
::1 - - [09/Aug/2024:00:12:17 +0530] "GET /wp-content/plugins/woocommerce/assets/client/blocks/wc-blocks-shared-context.js?ver=6eb6865831aa5a75475d HTTP/1.1" 304 -
::1 - - [09/Aug/2024:00:12:17 +0530] "GET /wp-content/plugins/woocommerce/assets/client/blocks/wc-blocks-shared-hocs.js?ver=4f21a9f43ea5bfa7f02e HTTP/1.1" 304 -
::1 - - [09/Aug/2024:00:12:17 +0530] "GET /wp-content/plugins/woocommerce/assets/client/blocks/price-format.js?ver=eb7a7398126f71912b09 HTTP/1.1" 304 -
::1 - - [09/Aug/2024:00:12:17 +0530] "GET /wp-content/plugins/gutenberg/build/plugins/index.min.js?ver=1beb98250668f1489afa HTTP/1.1" 304 -
::1 - - [09/Aug/2024:00:12:17 +0530] "GET /wp-content/plugins/gutenberg/build/autop/index.min.js?ver=dd02809e92d21384c288 HTTP/1.1" 304 -
::1 - - [09/Aug/2024:00:12:17 +0530] "GET /wp-content/plugins/gutenberg/build/style-engine/index.min.js?ver=a5e2ca78e79992332f4f HTTP/1.1" 304 -
::1 - - [09/Aug/2024:00:12:17 +0530] "GET /wp-content/plugins/gutenberg/build/wordcount/index.min.js?ver=cf9956240bdc3dee807e HTTP/1.1" 304 -
::1 - - [09/Aug/2024:00:12:17 +0530] "GET /wp-content/plugins/woocommerce/assets/client/blocks/checkout-frontend.js?ver=d7549457c5d1658f35f3 HTTP/1.1" 304 -
::1 - - [09/Aug/2024:00:12:15 +0530] "GET /my-account/?login=success HTTP/1.1" 200 199205
::1 - - [09/Aug/2024:00:12:17 +0530] "GET /wp-content/uploads/2024/06/final-bulb-lit-without-bg-2-300x74.png HTTP/1.1" 500 200085
::1 - - [09/Aug/2024:00:12:17 +0530] "GET /wp-content/plugins/customize-my-account-for-woocommerce/assets/webfonts/fa-solid-900.woff2 HTTP/1.1" 500 200169
::1 - - [09/Aug/2024:00:12:18 +0530] "GET /wp-json/wc/store/v1/cart?_locale=user HTTP/1.1" 200 5570
::1 - - [09/Aug/2024:00:12:19 +0530] "POST /wp-cron.php?doing_wp_cron=1723142539.4851639270782470703125 HTTP/1.1" 200 -
::1 - - [09/Aug/2024:00:12:19 +0530] "GET /my-account/orders HTTP/1.1" 301 -
::1 - - [09/Aug/2024:00:12:22 +0530] "GET /wp-content/plugins/gutenberg/build/vendors/react.min.js?ver=18 HTTP/1.1" 304 -
::1 - - [09/Aug/2024:00:12:22 +0530] "GET /wp-content/plugins/gutenberg/build/vendors/react-dom.min.js?ver=18 HTTP/1.1" 304 -
::1 - - [09/Aug/2024:00:12:22 +0530] "GET /wp-content/plugins/gutenberg/build/vendors/react-jsx-runtime.min.js?ver=18 HTTP/1.1" 304 -
::1 - - [09/Aug/2024:00:12:21 +0530] "GET /my-account/orders/ HTTP/1.1" 200 205020
::1 - - [09/Aug/2024:00:12:23 +0530] "GET /wp-json/wc/store/v1/cart?_locale=user HTTP/1.1" 200 5570
::1 - - [09/Aug/2024:00:12:25 +0530] "GET /wp-content/plugins/woocommerce/assets/client/blocks/mini-cart-contents-block/title-frontend.js?ver=wc-9.1.4 HTTP/1.1" 200 3814
::1 - - [09/Aug/2024:00:12:25 +0530] "GET /wp-content/plugins/woocommerce/assets/client/blocks/mini-cart-contents-block/items-frontend.js?ver=wc-9.1.4 HTTP/1.1" 200 325
::1 - - [09/Aug/2024:00:12:25 +0530] "GET /wp-content/plugins/woocommerce/assets/client/blocks/mini-cart-contents-block/footer-frontend.js?ver=wc-9.1.4 HTTP/1.1" 200 9479
::1 - - [09/Aug/2024:00:12:25 +0530] "GET /wp-content/plugins/woocommerce/assets/client/blocks/mini-cart-contents-block/products-table-frontend.js?ver=wc-9.1.4 HTTP/1.1" 200 17178
::1 - - [09/Aug/2024:00:12:25 +0530] "GET /wp-content/plugins/woocommerce/assets/client/blocks/mini-cart-contents-block/cart-button-frontend.js?ver=wc-9.1.4 HTTP/1.1" 200 3115
::1 - - [09/Aug/2024:00:12:25 +0530] "GET /wp-content/plugins/woocommerce/assets/client/blocks/mini-cart-contents-block/checkout-button-frontend.js?ver=wc-9.1.4 HTTP/1.1" 200 3250
::1 - - [09/Aug/2024:00:12:25 +0530] "GET /wp-content/plugins/woocommerce/assets/client/blocks/mini-cart-contents-block/title-label-frontend.js?ver=wc-9.1.4 HTTP/1.1" 200 2730
::1 - - [09/Aug/2024:00:12:25 +0530] "GET /wp-content/plugins/woocommerce/assets/client/blocks/mini-cart-contents-block/title-items-counter-frontend.js?ver=wc-9.1.4 HTTP/1.1" 200 2904
::1 - - [09/Aug/2024:00:12:22 +0530] "GET /wp-content/plugins/customize-my-account-for-woocommerce/assets/webfonts/fa-solid-900.woff2 HTTP/1.1" 500 200169
::1 - - [09/Aug/2024:00:12:22 +0530] "GET /wp-content/uploads/2024/06/final-bulb-lit-without-bg-2-300x74.png HTTP/1.1" 500 200085
::1 - - [09/Aug/2024:00:12:37 +0530] "POST /wp-admin/admin-ajax.php HTTP/1.1" 200 80
::1 - - [09/Aug/2024:00:12:46 +0530] "POST /wp-cron.php?doing_wp_cron=1723142566.9289419651031494140625 HTTP/1.1" 200 -
::1 - - [09/Aug/2024:00:12:45 +0530] "GET /my-account/?login=success HTTP/1.1" 200 199205
::1 - - [09/Aug/2024:00:12:48 +0530] "GET /wp-json/wc/store/v1/cart?_locale=user HTTP/1.1" 200 5570
::1 - - [09/Aug/2024:00:12:48 +0530] "GET /wp-content/uploads/2024/06/final-bulb-lit-without-bg-2-300x74.png HTTP/1.1" 500 200085
::1 - - [09/Aug/2024:00:12:48 +0530] "GET /wp-content/plugins/customize-my-account-for-woocommerce/assets/webfonts/fa-solid-900.woff2 HTTP/1.1" 500 200169
::1 - - [09/Aug/2024:00:12:50 +0530] "GET /wp-json/wc/store/v1/cart?_locale=user HTTP/1.1" 200 5570
::1 - - [09/Aug/2024:00:13:00 +0530] "GET / HTTP/1.1" 200 187193
::1 - - [09/Aug/2024:00:13:03 +0530] "GET /wp-content/plugins/elementor/assets/js/web-cli.min.js?ver=3.23.0-dev6 HTTP/1.1" 304 -
::1 - - [09/Aug/2024:00:13:03 +0530] "GET /wp-content/plugins/elementor/assets/js/dev-tools.min.js?ver=3.23.0-dev6 HTTP/1.1" 304 -
::1 - - [09/Aug/2024:00:13:03 +0530] "GET /wp-content/plugins/elementor/assets/js/common.min.js?ver=3.23.0-dev6 HTTP/1.1" 304 -
::1 - - [09/Aug/2024:00:13:03 +0530] "GET /wp-content/plugins/elementor/assets/js/app-loader.min.js?ver=3.23.0-dev6 HTTP/1.1" 304 -
::1 - - [09/Aug/2024:00:13:03 +0530] "GET /wp-content/themes/zaino/assets/fonts/archivo_600.ttf HTTP/1.1" 304 -
::1 - - [09/Aug/2024:00:13:03 +0530] "GET /wp-content/themes/zaino/assets/images/hero.jpg HTTP/1.1" 304 -
::1 - - [09/Aug/2024:00:13:03 +0530] "GET /wp-content/themes/zaino/assets/fonts/archivo_800.ttf HTTP/1.1" 304 -
::1 - - [09/Aug/2024:00:13:02 +0530] "POST /wp-cron.php?doing_wp_cron=1723142582.0223369598388671875000 HTTP/1.1" 200 -
::1 - - [09/Aug/2024:00:13:47 +0530] "POST /wp-cron.php?doing_wp_cron=1723142627.4117729663848876953125 HTTP/1.1" 200 -
::1 - - [09/Aug/2024:00:13:48 +0530] "GET /wp-content/plugins/elementor/assets/lib/eicons/fonts/eicons.woff2?5.30.0 HTTP/1.1" 304 -
::1 - - [09/Aug/2024:00:13:46 +0530] "GET /my-account/ HTTP/1.1" 200 199134
::1 - - [09/Aug/2024:00:13:48 +0530] "GET /wp-json/wc/store/v1/cart?_locale=user HTTP/1.1" 200 5570
::1 - - [09/Aug/2024:00:13:48 +0530] "GET /wp-content/uploads/2024/06/final-bulb-lit-without-bg-2-300x74.png HTTP/1.1" 500 200085
::1 - - [09/Aug/2024:00:13:48 +0530] "GET /wp-content/plugins/customize-my-account-for-woocommerce/assets/webfonts/fa-solid-900.woff2 HTTP/1.1" 500 200169
::1 - - [09/Aug/2024:00:14:02 +0530] "GET / HTTP/1.1" 200 187179
::1 - - [09/Aug/2024:00:14:05 +0530] "GET /shop/ HTTP/1.1" 200 222642
::1 - - [09/Aug/2024:00:14:07 +0530] "GET /_static/??-eJy9lcFy1DAMhl8I1WxL4cRwYIYDb+E4SmJWtoxlN6RPj510IdAmdLtMb7GU/5NlS7IaAxj2CX1SgXJvvag+l2WDsVdNttSqhtgcgWwTdZyWlSiv72yvk2WvJE2EV0bkjXqCNjIbdg6jQaVFMIkyZOsfD6TRwPL1coTJkrj4QRvD2adNUhjYY0AIenLFDsKUaw5yaRLOegtGx3SSXpBN0OaoexT4X3s6CyF/mIH0xPkSwiXB50TSgG6bglomIC7fsAb+YIaOo4POIrUC3biOUb266/5xwM9Hl95QXVHrEaXU4e0cRBNdlSs4N39BQpOut3dFWEuX40lUg6M1tYir/pcfZtvuFh6xKqBuiv35uvmeypjoh7QrXprV3iO46dSw9UBh40C6OANayN5+z9vXtaL9DjFzgwq5IWuW9GyS1Q/rclsRQmlAWFSvE3DgaO9rCdHrxGt1PEKLYvuda366Af5qJKSX9dFjTG2h7bl5C18zTdBpSTGCGdAcy2SCxa2+zObPsq3/hqlOVuW4zYQlsI6cS7cpGW0ob0eTfbuTxab8wQEnw7MJyRK20Jc5geVd3VlV4if38fDh+ubw7vD2/eEnNOH0mA== HTTP/1.1" 200 416821
::1 - - [09/Aug/2024:00:14:07 +0530] "GET /_static/??-eJylk9tOwzAMhl8IN2wguEJc8wBcoyx1O69uHBJHozw96Q4iXKzShhQptmx/v52D2Qcg7zi3mMyurM+McTptMFIfrWIzkm926c6UZCde0asJnHvyyexFnIwjRofGpoRaYWDD4oZMJ7c5uO9v1+O6eEhrjW1bUAFno97QVCqJMhAWqzla/2ilCl9PScjodH3emy4zL1HQpglYig018EsEOokjdITcJuj2lcYctF0HZdgLVJeTykjfCOME1jnJXmceLI8O2VO50EvUivUrcKAGE/KGyc0wR5qqeKVYNxNsj3AsuiSXlNxQnir6DEXE+km35HsQD8lFYf7zLOGUfk5bOvQdarBuMB/lg5hNJm6NEmMLvWWef8mCt8QNW/EYylx2Kl0rJOGsJP54yOH20jIPxhDJa6l/HV9Wz+uH1ePq/mn9A9qVe2A= HTTP/1.1" 200 645388
::1 - - [09/Aug/2024:00:14:07 +0530] "GET /wp-content/themes/zaino/assets/fonts/archivo_800.ttf HTTP/1.1" 304 -
::1 - - [09/Aug/2024:00:14:07 +0530] "GET /wp-content/uploads/2024/06/road-sport-vintage-wheel-retro-old-300x300.jpg HTTP/1.1" 500 200109
::1 - - [09/Aug/2024:00:14:07 +0530] "GET /wp-content/uploads/2024/06/man-person-music-black-and-white-white-photography-300x300.jpg HTTP/1.1" 500 200157
::1 - - [09/Aug/2024:00:14:07 +0530] "GET /wp-content/uploads/2024/06/drinkware-liquid-tableware-dishware-bottle-fluid-300x300.jpg HTTP/1.1" 500 200153
::1 - - [09/Aug/2024:00:14:07 +0530] "GET /wp-content/uploads/2024/06/white-black-black-and-white-photograph-monochrome-photography-300x300.jpg HTTP/1.1" 500 200187
::1 - - [09/Aug/2024:00:14:07 +0530] "GET /wp-content/uploads/2024/06/final-bulb-lit-without-bg-2-300x74.png HTTP/1.1" 500 200085
::1 - - [09/Aug/2024:00:14:07 +0530] "GET /wp-content/uploads/2024/06/table-wood-house-chair-floor-window-300x300.jpg HTTP/1.1" 500 200111
::1 - - [09/Aug/2024:00:14:09 +0530] "GET /wp-json/wc/store/v1/cart?_locale=user HTTP/1.1" 200 5570
::1 - - [09/Aug/2024:00:14:10 +0530] "GET /wp-content/uploads/woocommerce-placeholder-300x300.png HTTP/1.1" 500 200043
::1 - - [09/Aug/2024:00:14:14 +0530] "POST /?wc-ajax=add_to_cart HTTP/1.1" 200 11391
::1 - - [09/Aug/2024:00:14:14 +0530] "GET /wp-json/wc/store/v1/cart?_locale=user HTTP/1.1" 200 5570
::1 - - [09/Aug/2024:00:14:15 +0530] "GET /wp-json/wc/store/v1/cart?_locale=user HTTP/1.1" 200 5570
::1 - - [09/Aug/2024:00:14:21 +0530] "POST /?wc-ajax=add_to_cart HTTP/1.1" 200 11391
::1 - - [09/Aug/2024:00:14:22 +0530] "POST /wp-cron.php?doing_wp_cron=1723142662.7278940677642822265625 HTTP/1.1" 200 -
::1 - - [09/Aug/2024:00:14:23 +0530] "GET /wp-json/wc/store/v1/cart?_locale=user HTTP/1.1" 200 5572
::1 - - [09/Aug/2024:00:14:25 +0530] "POST /?wc-ajax=add_to_cart HTTP/1.1" 200 15417
::1 - - [09/Aug/2024:00:14:26 +0530] "GET /wp-json/wc/store/v1/cart?_locale=user HTTP/1.1" 200 8062
::1 - - [09/Aug/2024:00:14:27 +0530] "POST /?wc-ajax=add_to_cart HTTP/1.1" 200 19325
::1 - - [09/Aug/2024:00:14:28 +0530] "GET /wp-json/wc/store/v1/cart?_locale=user HTTP/1.1" 200 10760
::1 - - [09/Aug/2024:00:14:31 +0530] "GET /wp-content/uploads/2024/06/man-person-music-black-and-white-white-photography-300x300.jpg HTTP/1.1" 500 200157
::1 - - [09/Aug/2024:00:14:31 +0530] "GET /wp-content/uploads/2024/06/white-black-black-and-white-photograph-monochrome-photography-300x300.jpg HTTP/1.1" 500 200187
::1 - - [09/Aug/2024:00:14:31 +0530] "GET /wp-content/uploads/2024/06/road-sport-vintage-wheel-retro-old-300x300.jpg HTTP/1.1" 500 200109
::1 - - [09/Aug/2024:00:14:31 +0530] "GET /wp-content/uploads/2024/06/table-wood-house-chair-floor-window-300x300.jpg HTTP/1.1" 500 200111
::1 - - [09/Aug/2024:00:14:38 +0530] "POST /wp-json/wc/store/v1/batch?_locale=user HTTP/1.1" 207 9467
::1 - - [09/Aug/2024:00:14:38 +0530] "POST /wp-admin/admin-ajax.php HTTP/1.1" 200 47
::1 - - [09/Aug/2024:00:14:40 +0530] "POST /wp-json/wc/store/v1/batch?_locale=user HTTP/1.1" 207 6838
::1 - - [09/Aug/2024:00:14:43 +0530] "POST /wp-json/wc/store/v1/batch?_locale=user HTTP/1.1" 207 4348
::1 - - [09/Aug/2024:00:14:46 +0530] "POST /wp-json/wc/store/v1/batch?_locale=user HTTP/1.1" 207 1490
::1 - - [09/Aug/2024:00:14:47 +0530] "GET /wp-content/plugins/woocommerce/assets/client/blocks/mini-cart-contents-block/shopping-button-frontend.js?ver=908fbc7ce45aff62ae5a HTTP/1.1" 200 810
::1 - - [09/Aug/2024:00:14:59 +0530] "POST /?wc-ajax=add_to_cart HTTP/1.1" 200 8825
::1 - - [09/Aug/2024:00:15:00 +0530] "GET /wp-json/wc/store/v1/cart?_locale=user HTTP/1.1" 200 3974
::1 - - [09/Aug/2024:00:15:03 +0530] "GET /wp-content/uploads/2024/06/man-person-music-black-and-white-white-photography-300x300.jpg HTTP/1.1" 500 200157
::1 - - [09/Aug/2024:00:15:08 +0530] "POST /wp-json/wc/store/v1/batch?_locale=user HTTP/1.1" 207 4355
::1 - - [09/Aug/2024:00:15:09 +0530] "POST /wp-json/wc/store/v1/batch?_locale=user HTTP/1.1" 207 1490
::1 - - [09/Aug/2024:00:15:23 +0530] "GET /wp-content/plugins/woocommerce/assets/css/woocommerce-smallscreen.css?m=1723141061 HTTP/1.1" 304 -
::1 - - [09/Aug/2024:00:15:23 +0530] "GET /wp-content/plugins/gutenberg/build/i18n/index.min.js?ver=5baa98e4345eccc97e24 HTTP/1.1" 304 -
::1 - - [09/Aug/2024:00:15:23 +0530] "GET /wp-content/plugins/gutenberg/build/interactivity/index.min.js?ver=18.8.0 HTTP/1.1" 304 -
::1 - - [09/Aug/2024:00:15:23 +0530] "GET /wp-content/uploads/2024/06/final-bulb-lit-without-bg.png HTTP/1.1" 304 -
::1 - - [09/Aug/2024:00:15:23 +0530] "GET /wp-content/plugins/gutenberg/build/interactivity/navigation.min.js?ver=18.8.0 HTTP/1.1" 304 -
::1 - - [09/Aug/2024:00:15:23 +0530] "GET /wp-content/plugins/woocommerce/assets/images/pattern-placeholders/music-needle-turntable-black-and-white-white-photography.jpg HTTP/1.1" 304 -
::1 - - [09/Aug/2024:00:15:23 +0530] "GET /wp-content/plugins/woocommerce/assets/images/pattern-placeholders/tree-branch-plant-wood-leaf-flower.jpg HTTP/1.1" 304 -
::1 - - [09/Aug/2024:00:15:23 +0530] "GET /wp-content/plugins/woocommerce/assets/images/pattern-placeholders/watch-hand-brand-jewellery-strap-platinum.jpg HTTP/1.1" 304 -
::1 - - [09/Aug/2024:00:15:23 +0530] "GET /wp-content/plugins/woocommerce/assets/images/pattern-placeholders/white-vase-decoration-pattern-ceramic-lamp.jpg HTTP/1.1" 304 -
::1 - - [09/Aug/2024:00:15:23 +0530] "GET /wp-content/themes/zaino/assets/images/hero.jpg HTTP/1.1" 304 -
::1 - - [09/Aug/2024:00:15:23 +0530] "GET /wp-content/themes/zaino/assets/fonts/archivo_600.ttf HTTP/1.1" 304 -
::1 - - [09/Aug/2024:00:15:20 +0530] "GET / HTTP/1.1" 200 180539
::1 - - [09/Aug/2024:00:15:23 +0530] "GET /wp-content/plugins/woocommerce/assets/client/blocks/wc-blocks.css?m=1723141061 HTTP/1.1" 304 -
::1 - - [09/Aug/2024:00:15:23 +0530] "GET /wp-content/themes/zaino/assets/fonts/archivo_800.ttf HTTP/1.1" 304 -
::1 - - [09/Aug/2024:00:15:21 +0530] "POST /wp-cron.php?doing_wp_cron=1723142721.7413370609283447265625 HTTP/1.1" 200 -
::1 - - [09/Aug/2024:00:44:12 +0530] "GET /wp-content/plugins/gutenberg/build/i18n/index.min.js?ver=5baa98e4345eccc97e24 HTTP/1.1" 304 -
::1 - - [09/Aug/2024:00:44:12 +0530] "GET /wp-content/plugins/woocommerce/assets/css/woocommerce-smallscreen.css?m=1723141061 HTTP/1.1" 304 -
::1 - - [09/Aug/2024:00:44:12 +0530] "GET /wp-content/plugins/gutenberg/build/interactivity/navigation.min.js?ver=18.8.0 HTTP/1.1" 304 -
::1 - - [09/Aug/2024:00:44:12 +0530] "GET /wp-content/plugins/gutenberg/build/interactivity/index.min.js?ver=18.8.0 HTTP/1.1" 304 -
::1 - - [09/Aug/2024:00:44:12 +0530] "GET /wp-content/plugins/elementor/assets/lib/eicons/fonts/eicons.woff2?5.30.0 HTTP/1.1" 304 -
::1 - - [09/Aug/2024:00:44:12 +0530] "GET /wp-content/themes/zaino/assets/fonts/archivo_800.ttf HTTP/1.1" 304 -
::1 - - [09/Aug/2024:00:44:09 +0530] "GET /shop/ HTTP/1.1" 200 215761
::1 - - [09/Aug/2024:00:44:11 +0530] "POST /wp-cron.php?doing_wp_cron=1723144451.0726161003112792968750 HTTP/1.1" 200 -
::1 - - [09/Aug/2024:00:44:14 +0530] "GET /wp-content/plugins/gutenberg/build/api-fetch/index.min.js?ver=1d1bb669e2c3067cc691 HTTP/1.1" 304 -
::1 - - [09/Aug/2024:00:44:12 +0530] "GET /wp-content/uploads/woocommerce-placeholder-300x300.png HTTP/1.1" 500 200413
::1 - - [09/Aug/2024:00:44:16 +0530] "GET /wp-content/plugins/woocommerce/assets/client/blocks/wc-settings.js?ver=07c2f0675ddd247d2325 HTTP/1.1" 304 -
::1 - - [09/Aug/2024:00:44:16 +0530] "GET /wp-content/plugins/woocommerce/assets/client/blocks/mini-cart-frontend.js?ver=eba896c62201a23c4175 HTTP/1.1" 304 -
::1 - - [09/Aug/2024:00:44:16 +0530] "GET /wp-content/plugins/easy-login-woocommerce/assets/js/xoo-el-js.js?m=1723141051 HTTP/1.1" 304 -
::1 - - [09/Aug/2024:00:44:16 +0530] "GET /wp-content/plugins/elementor/assets/js/web-cli.min.js?ver=3.23.0-dev6 HTTP/1.1" 304 -
::1 - - [09/Aug/2024:00:44:16 +0530] "GET /wp-content/plugins/elementor/assets/js/dev-tools.min.js?ver=3.23.0-dev6 HTTP/1.1" 304 -
::1 - - [09/Aug/2024:00:44:16 +0530] "GET /wp-content/plugins/elementor/assets/js/common.min.js?ver=3.23.0-dev6 HTTP/1.1" 304 -
::1 - - [09/Aug/2024:00:44:16 +0530] "GET /wp-content/plugins/elementor/assets/js/app-loader.min.js?ver=3.23.0-dev6 HTTP/1.1" 304 -
::1 - - [09/Aug/2024:00:44:12 +0530] "GET /wp-content/uploads/2024/06/final-bulb-lit-without-bg-2-300x74.png HTTP/1.1" 500 200458
::1 - - [09/Aug/2024:00:44:12 +0530] "GET /wp-content/uploads/2024/06/road-sport-vintage-wheel-retro-old-300x300.jpg HTTP/1.1" 500 200482
::1 - - [09/Aug/2024:00:44:12 +0530] "GET /wp-content/uploads/2024/06/white-black-black-and-white-photograph-monochrome-photography-300x300.jpg HTTP/1.1" 500 200563
::1 - - [09/Aug/2024:00:44:12 +0530] "GET /wp-content/uploads/2024/06/table-wood-house-chair-floor-window-300x300.jpg HTTP/1.1" 500 200485
::1 - - [09/Aug/2024:00:44:12 +0530] "GET /wp-content/uploads/2024/06/man-person-music-black-and-white-white-photography-300x300.jpg HTTP/1.1" 500 200530
::1 - - [09/Aug/2024:00:44:14 +0530] "GET /wp-content/uploads/2024/06/drinkware-liquid-tableware-dishware-bottle-fluid-300x300.jpg HTTP/1.1" 500 200524
::1 - - [09/Aug/2024:00:44:16 +0530] "GET /_static/??-eJyNzMsKwjAQheEXMh3biq7ER5HJhZiYzMQkQ/HtzaZbKZzNgY8ftqIMU3fUoSTxgRpE1wuaN2S2klyDrfjKL55iO8Ef/gxkQEtIFppBArQ5kNJYFXEPxk3j7o1Bk9jRjmMfcfULEsBwPaAySzvAbEXvUaedPvJ9vi3rfJnP1+UHCIRakw== HTTP/1.1" 200 45938
::1 - - [09/Aug/2024:00:44:18 +0530] "GET /wp-content/plugins/gutenberg/build/vendors/react.min.js?ver=18 HTTP/1.1" 304 -
::1 - - [09/Aug/2024:00:44:18 +0530] "GET /wp-content/plugins/gutenberg/build/vendors/react-dom.min.js?ver=18 HTTP/1.1" 304 -
::1 - - [09/Aug/2024:00:44:18 +0530] "GET /wp-content/plugins/gutenberg/build/vendors/react-jsx-runtime.min.js?ver=18 HTTP/1.1" 304 -
::1 - - [09/Aug/2024:00:44:18 +0530] "GET /wp-content/plugins/gutenberg/build/deprecated/index.min.js?ver=5f56b9106e825b0b4ab3 HTTP/1.1" 304 -
::1 - - [09/Aug/2024:00:44:18 +0530] "GET /wp-content/plugins/gutenberg/build/dom/index.min.js?ver=44e4bca27663d6dfa4f6 HTTP/1.1" 304 -
::1 - - [09/Aug/2024:00:44:18 +0530] "GET /wp-content/plugins/gutenberg/build/escape-html/index.min.js?ver=fbad781820bda8333f76 HTTP/1.1" 304 -
::1 - - [09/Aug/2024:00:44:18 +0530] "GET /wp-content/plugins/gutenberg/build/is-shallow-equal/index.min.js?ver=5299ef30233b42ce5199 HTTP/1.1" 304 -
::1 - - [09/Aug/2024:00:44:18 +0530] "GET /wp-content/plugins/gutenberg/build/element/index.min.js?ver=30b6834ec0d0e2c24761 HTTP/1.1" 304 -
::1 - - [09/Aug/2024:00:44:18 +0530] "GET /wp-content/plugins/gutenberg/build/keycodes/index.min.js?ver=54656f44cb3b10270813 HTTP/1.1" 304 -
::1 - - [09/Aug/2024:00:44:18 +0530] "GET /wp-content/plugins/gutenberg/build/priority-queue/index.min.js?ver=c01f24e11b08ca4aff89 HTTP/1.1" 304 -
::1 - - [09/Aug/2024:00:44:18 +0530] "GET /wp-content/plugins/gutenberg/build/private-apis/index.min.js?ver=9c57f8d4eb57d8d2bc70 HTTP/1.1" 304 -
::1 - - [09/Aug/2024:00:44:18 +0530] "GET /wp-content/plugins/gutenberg/build/compose/index.min.js?ver=c05cdefe5101c8a221a2 HTTP/1.1" 304 -
::1 - - [09/Aug/2024:00:44:18 +0530] "GET /wp-content/plugins/gutenberg/build/redux-routine/index.min.js?ver=786aeb57a8ae5605915c HTTP/1.1" 304 -
::1 - - [09/Aug/2024:00:44:18 +0530] "GET /wp-content/plugins/gutenberg/build/data/index.min.js?ver=f446e74635a04d62e32e HTTP/1.1" 304 -
::1 - - [09/Aug/2024:00:44:18 +0530] "GET /wp-content/plugins/woocommerce/assets/client/blocks/wc-blocks-registry.js?ver=1c879273bd5c193cad0a HTTP/1.1" 304 -
::1 - - [09/Aug/2024:00:44:18 +0530] "GET /wp-content/plugins/gutenberg/build/data-controls/index.min.js?ver=9a8040a4ddc992b9fdcf HTTP/1.1" 304 -
::1 - - [09/Aug/2024:00:44:18 +0530] "GET /wp-content/plugins/gutenberg/build/html-entities/index.min.js?ver=e9ce7ebd2e4bd93c7be1 HTTP/1.1" 304 -
::1 - - [09/Aug/2024:00:44:18 +0530] "GET /wp-content/plugins/gutenberg/build/notices/index.min.js?ver=3b1baf0bf68fbf761c53 HTTP/1.1" 304 -
::1 - - [09/Aug/2024:00:44:18 +0530] "GET /wp-content/plugins/woocommerce/assets/client/blocks/wc-blocks-middleware.js?ver=ca04183222edaf8a26be HTTP/1.1" 304 -
::1 - - [09/Aug/2024:00:44:18 +0530] "GET /wp-content/plugins/woocommerce/assets/client/blocks/wc-blocks-data.js?ver=3b21c127321dcdffaeba HTTP/1.1" 304 -
::1 - - [09/Aug/2024:00:44:18 +0530] "GET /wp-content/plugins/gutenberg/build/dom-ready/index.min.js?ver=222ad38e3e5e302c8bbf HTTP/1.1" 304 -
::1 - - [09/Aug/2024:00:44:18 +0530] "GET /wp-content/plugins/gutenberg/build/a11y/index.min.js?ver=9061ce25a6ee8a006b52 HTTP/1.1" 304 -
::1 - - [09/Aug/2024:00:44:18 +0530] "GET /wp-content/plugins/gutenberg/build/primitives/index.min.js?ver=7c58ef27d83cfff22196 HTTP/1.1" 304 -
::1 - - [09/Aug/2024:00:44:18 +0530] "GET /wp-content/plugins/woocommerce/assets/client/blocks/wc-blocks-vendors-frontend.js?ver=cbe41c7abb3949767748 HTTP/1.1" 304 -
::1 - - [09/Aug/2024:00:44:18 +0530] "GET /wp-content/plugins/woocommerce/assets/client/blocks/blocks-components.js?ver=211abb6906805368a551 HTTP/1.1" 304 -
::1 - - [09/Aug/2024:00:44:18 +0530] "GET /wp-content/plugins/gutenberg/build/warning/index.min.js?ver=180dc4315a2b8452c969 HTTP/1.1" 304 -
::1 - - [09/Aug/2024:00:44:18 +0530] "GET /wp-content/plugins/woocommerce/assets/client/blocks/blocks-checkout.js?ver=5980872eb77817dd6b18 HTTP/1.1" 304 -
::1 - - [09/Aug/2024:00:44:18 +0530] "GET /wp-content/plugins/gutenberg/build/autop/index.min.js?ver=dd02809e92d21384c288 HTTP/1.1" 304 -
::1 - - [09/Aug/2024:00:44:18 +0530] "GET /wp-content/plugins/gutenberg/build/style-engine/index.min.js?ver=a5e2ca78e79992332f4f HTTP/1.1" 304 -
::1 - - [09/Aug/2024:00:44:18 +0530] "GET /wp-content/plugins/gutenberg/build/wordcount/index.min.js?ver=cf9956240bdc3dee807e HTTP/1.1" 304 -
::1 - - [09/Aug/2024:00:44:18 +0530] "GET /wp-content/plugins/woocommerce/assets/client/blocks/wc-payment-method-cod.js?ver=5f402826b33bac8f9e43 HTTP/1.1" 304 -
::1 - - [09/Aug/2024:00:44:18 +0530] "GET /wp-content/plugins/phonepe-payment-solutions/js/ppex_block_checkout.js HTTP/1.1" 304 -
::1 - - [09/Aug/2024:00:44:18 +0530] "GET /wp-content/plugins/woocommerce/assets/client/blocks/mini-cart-component-frontend.js?ver=64d11b5b30724a537c38 HTTP/1.1" 304 -
::1 - - [09/Aug/2024:00:44:18 +0530] "GET /wp-content/plugins/woocommerce/assets/client/blocks/mini-cart-contents-block/empty-cart-frontend.js?ver=wc-9.1.4 HTTP/1.1" 304 -
::1 - - [09/Aug/2024:00:44:18 +0530] "GET /wp-content/plugins/woocommerce/assets/client/blocks/mini-cart-contents-block/filled-cart-frontend.js?ver=wc-9.1.4 HTTP/1.1" 304 -
::1 - - [09/Aug/2024:00:44:18 +0530] "GET /wp-content/plugins/woocommerce/assets/client/blocks/mini-cart-contents-block/shopping-button-frontend.js?ver=wc-9.1.4 HTTP/1.1" 304 -
::1 - - [09/Aug/2024:00:44:16 +0530] "GET /wp-json/wc/store/v1/cart?_locale=user HTTP/1.1" 200 1116
::1 - - [09/Aug/2024:00:44:18 +0530] "POST /wp-cron.php?doing_wp_cron=1723144458.5737960338592529296875 HTTP/1.1" 200 -
::1 - - [09/Aug/2024:00:44:18 +0530] "GET /wp-json/jetpack/v4/scan HTTP/1.1" 200 338
::1 - - [09/Aug/2024:00:44:21 +0530] "GET /wp-content/plugins/gutenberg/build/i18n/index.min.js.map HTTP/1.1" 200 64646
::1 - - [09/Aug/2024:00:44:21 +0530] "GET /wp-content/plugins/gutenberg/build/interactivity/navigation.min.js.map HTTP/1.1" 200 12544
::1 - - [09/Aug/2024:00:44:21 +0530] "GET /wp-content/plugins/gutenberg/build/interactivity/index.min.js.map HTTP/1.1" 200 148152
::1 - - [09/Aug/2024:00:44:21 +0530] "GET /wp-content/plugins/gutenberg/build/api-fetch/index.min.js.map HTTP/1.1" 200 33178
::1 - - [09/Aug/2024:00:44:21 +0530] "GET /_static/index.min.js.map; HTTP/1.1" 400 -
::1 - - [09/Aug/2024:00:44:21 +0530] "GET /_static/index.min.js.map; HTTP/1.1" 400 -
::1 - - [09/Aug/2024:00:44:21 +0530] "GET /wp-content/uploads/2024/06/table-wood-house-chair-floor-window-800x800.jpg HTTP/1.1" 500 198826
::1 - - [09/Aug/2024:00:44:21 +0530] "GET /wp-content/uploads/2024/06/man-person-music-black-and-white-white-photography-800x800.jpg HTTP/1.1" 500 198871
::1 - - [09/Aug/2024:00:44:21 +0530] "GET /wp-content/uploads/2024/06/white-black-black-and-white-photograph-monochrome-photography-800x800.jpg HTTP/1.1" 500 198904
::1 - - [09/Aug/2024:00:44:21 +0530] "GET /wp-content/uploads/2024/06/drinkware-liquid-tableware-dishware-bottle-fluid-800x800.jpg HTTP/1.1" 500 198865
::1 - - [09/Aug/2024:00:44:21 +0530] "GET /wp-content/uploads/woocommerce-placeholder-768x768.png HTTP/1.1" 500 198754
::1 - - [09/Aug/2024:00:45:02 +0530] "GET /product/black-and-white-summer-portrait/ HTTP/1.1" 500 141460
::1 - - [09/Aug/2024:00:45:04 +0530] "GET / HTTP/1.1" 200 180546
::1 - - [09/Aug/2024:00:45:08 +0530] "GET /_static/index.min.js.map; HTTP/1.1" 400 -
::1 - - [09/Aug/2024:00:45:11 +0530] "GET /shop/ HTTP/1.1" 200 214102
::1 - - [09/Aug/2024:00:45:14 +0530] "GET /_static/index.min.js.map; HTTP/1.1" 400 -
::1 - - [09/Aug/2024:00:45:14 +0530] "GET /wp-content/uploads/2024/06/road-sport-vintage-wheel-retro-old-300x300.jpg HTTP/1.1" 500 198823
::1 - - [09/Aug/2024:00:45:14 +0530] "GET /wp-content/uploads/2024/06/white-black-black-and-white-photograph-monochrome-photography-800x800.jpg HTTP/1.1" 500 198904
::1 - - [09/Aug/2024:00:45:14 +0530] "GET /wp-content/uploads/2024/06/final-bulb-lit-without-bg-2-300x74.png HTTP/1.1" 500 198799
::1 - - [09/Aug/2024:00:45:14 +0530] "GET /wp-content/uploads/2024/06/man-person-music-black-and-white-white-photography-800x800.jpg HTTP/1.1" 500 198871
::1 - - [09/Aug/2024:00:45:14 +0530] "GET /wp-content/uploads/2024/06/table-wood-house-chair-floor-window-800x800.jpg HTTP/1.1" 500 198826
::1 - - [09/Aug/2024:00:45:15 +0530] "GET /wp-json/wc/store/v1/cart?_locale=user HTTP/1.1" 200 1116
::1 - - [09/Aug/2024:00:45:17 +0530] "GET /_static/index.min.js.map; HTTP/1.1" 400 -
::1 - - [09/Aug/2024:00:45:17 +0530] "GET /wp-content/uploads/woocommerce-placeholder-768x768.png HTTP/1.1" 500 198754
::1 - - [09/Aug/2024:00:45:17 +0530] "GET /wp-content/uploads/2024/06/drinkware-liquid-tableware-dishware-bottle-fluid-800x800.jpg HTTP/1.1" 500 198865
::1 - - [09/Aug/2024:00:45:20 +0530] "POST /wp-cron.php?doing_wp_cron=1723144520.9484210014343261718750 HTTP/1.1" 200 -
::1 - - [09/Aug/2024:00:47:32 +0530] "POST /wp-cron.php?doing_wp_cron=1723144652.2977800369262695312500 HTTP/1.1" 200 -
::1 - - [09/Aug/2024:00:47:32 +0530] "POST /wp-cron.php?doing_wp_cron=1723144652.2996420860290527343750 HTTP/1.1" 200 -
::1 - - [09/Aug/2024:00:47:33 +0530] "POST /wp-cron.php?doing_wp_cron=1723144653.7614049911499023437500 HTTP/1.1" 200 -
::1 - - [09/Aug/2024:00:47:38 +0530] "GET /wp-content/uploads/2024/06/final-bulb-lit-without-bg.png HTTP/1.1" 304 -
::1 - - [09/Aug/2024:00:47:38 +0530] "GET /wp-content/plugins/woocommerce/assets/images/pattern-placeholders/music-needle-turntable-black-and-white-white-photography.jpg HTTP/1.1" 304 -
::1 - - [09/Aug/2024:00:47:38 +0530] "GET /wp-content/plugins/woocommerce/assets/images/pattern-placeholders/tree-branch-plant-wood-leaf-flower.jpg HTTP/1.1" 304 -
::1 - - [09/Aug/2024:00:47:38 +0530] "GET /wp-content/plugins/woocommerce/assets/images/pattern-placeholders/watch-hand-brand-jewellery-strap-platinum.jpg HTTP/1.1" 304 -
::1 - - [09/Aug/2024:00:47:38 +0530] "GET /wp-content/plugins/woocommerce/assets/images/pattern-placeholders/white-vase-decoration-pattern-ceramic-lamp.jpg HTTP/1.1" 304 -
::1 - - [09/Aug/2024:00:47:36 +0530] "GET / HTTP/1.1" 200 180543
::1 - - [09/Aug/2024:00:47:38 +0530] "GET /wp-content/themes/zaino/assets/images/hero.jpg HTTP/1.1" 304 -
::1 - - [09/Aug/2024:00:47:38 +0530] "GET /wp-content/themes/zaino/assets/fonts/archivo_600.ttf HTTP/1.1" 304 -
::1 - - [09/Aug/2024:00:47:38 +0530] "GET /wp-content/plugins/woocommerce/assets/client/blocks/wc-blocks.css?m=1723141061 HTTP/1.1" 304 -
::1 - - [09/Aug/2024:00:48:31 +0530] "GET /wp-content/themes/zaino/assets/fonts/archivo_800.ttf HTTP/1.1" 304 -
::1 - - [09/Aug/2024:00:48:26 +0530] "GET /shop/ HTTP/1.1" 200 214095
::1 - - [09/Aug/2024:00:48:29 +0530] "POST /wp-cron.php?doing_wp_cron=1723144709.7030539512634277343750 HTTP/1.1" 200 -
::1 - - [09/Aug/2024:00:48:31 +0530] "GET /wp-content/uploads/woocommerce-placeholder-300x300.png HTTP/1.1" 500 198747
::1 - - [09/Aug/2024:00:48:31 +0530] "GET /wp-content/uploads/2024/06/final-bulb-lit-without-bg-2-300x74.png HTTP/1.1" 500 198792
::1 - - [09/Aug/2024:00:48:31 +0530] "GET /wp-content/uploads/2024/06/man-person-music-black-and-white-white-photography-300x300.jpg HTTP/1.1" 500 198864
::1 - - [09/Aug/2024:00:48:31 +0530] "GET /wp-content/uploads/2024/06/white-black-black-and-white-photograph-monochrome-photography-300x300.jpg HTTP/1.1" 500 198897
::1 - - [09/Aug/2024:00:48:31 +0530] "GET /wp-content/uploads/2024/06/road-sport-vintage-wheel-retro-old-300x300.jpg HTTP/1.1" 500 198816
::1 - - [09/Aug/2024:00:48:31 +0530] "GET /wp-content/uploads/2024/06/table-wood-house-chair-floor-window-300x300.jpg HTTP/1.1" 500 198819
::1 - - [09/Aug/2024:00:48:34 +0530] "GET /wp-json/wc/store/v1/cart?_locale=user HTTP/1.1" 200 1116
::1 - - [09/Aug/2024:00:48:35 +0530] "GET /wp-content/uploads/2024/06/drinkware-liquid-tableware-dishware-bottle-fluid-300x300.jpg HTTP/1.1" 500 198858
::1 - - [09/Aug/2024:00:49:04 +0530] "GET /product/leather-clad-leisure-chair/ HTTP/1.1" 200 215746
::1 - - [09/Aug/2024:00:49:08 +0530] "GET /_static/??-eJy9lM1y1DAMgF8I1Wxp4cRwYIYDb+E4SuKJYhnLbkifHtthIdDNQnc7vdmS9enHktTswbCL6KLylHrrRPUpXxsMvWqSpVY1xGYEsk3QYVlvopx+sL2Olp2SuBDeGJE36gRtZjY8TRgMKi2CUZQhW178JM0G1tPlCJMkctaDNoaTi7skP7BDj+D1MmU5CFMqOci1SUzWWTA6xKPpFdl4bUbdo8BLxfQshNQqRZbZetwcbzLuClCLnU6UKz5a98flEu5GDKQXTs9OcSO+xnmtdBxw2qeglgWI8xm2wO/M0HGYoLNIrUA3b30Ure66f3TA/6Pz8KouW+sZJQ/KfXWiiS4pviChibf7URGW2eJwNCrO0ZoyZcX+lx6q7GwIT1gFUILi831z0q7+U95j/RDPGq/bxD4iTMtxo5SCwk5BulABLSRnv6X979rQfruoXK98asiaNT0bZfNg224bgs8bAlar13E4cLCPpYXodfy1OozQotj+zDefHoC/Bgnpsjl6iikjtL/Y7+FrogU6LTEEMAOaMW8mWNXqSxV/lmr/afp4+HD77nB3ePv+8AMWaOIA HTTP/1.1" 200 387541
::1 - - [09/Aug/2024:00:49:09 +0530] "GET /_static/??-eJytlFFOwzAMhi+E2w0QPCGeOQAHyFK385bEIU7Udacn7VYWHjapA6lSnNj+fse1UvceyGmTGpR6l7+vhGE4L2CpCypiZclVO3moc7BmF9HF2pvUkZO6Z9ZsLQaNtRLBWGBgY1jvE5231bT9/FiOa8MU1tSqaSAyaBXicsqR2c6ljPYddRg8iKEGw8y5nCyn+S1Hlp48FuY/YSARNNiqZO5o1E+7hVxnEHzgJuk7QDvJgbwnzFZ1sv5QTeFeThE0qOPjvFZtMuYWBZUMYDjbUAIPzNBysNASmkag7QuN0anaFvJlr1B1ksiWjgh2AKU1JxdHHty+OiRHed6uUQvWRWCi+tqnjSE9wjRFKfyFYlmMV13+4VPSNTmJpPf5cUCXIIsoN8RtHhRgB6IDG/PrIYBz+Bx2q+l5fh3m4fVqyPQIwiZFYndqhr8/Neti8IFczPnv9m39+vi0fl6vXlbfGgDpcg== HTTP/1.1" 200 714249
::1 - - [09/Aug/2024:00:49:11 +0530] "GET /wp-content/uploads/2024/06/table-wood-house-chair-floor-window.jpg HTTP/1.1" 200 466036
::1 - - [09/Aug/2024:00:49:09 +0530] "GET /wp-content/uploads/2024/06/table-wood-house-chair-floor-window-600x400.jpg HTTP/1.1" 500 198850
::1 - - [09/Aug/2024:00:49:09 +0530] "GET /wp-content/uploads/2024/06/man-person-music-black-and-white-white-photography-300x300.jpg HTTP/1.1" 500 198895
::1 - - [09/Aug/2024:00:49:09 +0530] "GET /wp-content/uploads/2024/06/drinkware-liquid-tableware-dishware-bottle-fluid-300x300.jpg HTTP/1.1" 500 198889
::1 - - [09/Aug/2024:00:49:09 +0530] "GET /wp-content/uploads/woocommerce-placeholder-300x300.png HTTP/1.1" 500 198778
::1 - - [09/Aug/2024:00:49:09 +0530] "GET /wp-content/uploads/2024/06/road-sport-vintage-wheel-retro-old-300x300.jpg HTTP/1.1" 500 198847
::1 - - [09/Aug/2024:00:49:09 +0530] "GET /wp-content/uploads/2024/06/final-bulb-lit-without-bg-2-300x74.png HTTP/1.1" 500 198823
::1 - - [09/Aug/2024:00:49:11 +0530] "GET /wp-json/wc/store/v1/cart?_locale=user HTTP/1.1" 200 1116
::1 - - [09/Aug/2024:00:49:28 +0530] "GET /shop/ HTTP/1.1" 200 214095
::1 - - [09/Aug/2024:00:49:31 +0530] "POST /wp-cron.php?doing_wp_cron=1723144771.0906929969787597656250 HTTP/1.1" 200 -
::1 - - [09/Aug/2024:00:49:32 +0530] "GET /wp-content/uploads/2024/06/white-black-black-and-white-photograph-monochrome-photography-300x300.jpg HTTP/1.1" 500 198897
::1 - - [09/Aug/2024:00:49:32 +0530] "GET /wp-content/uploads/2024/06/table-wood-house-chair-floor-window-300x300.jpg HTTP/1.1" 500 198819
::1 - - [09/Aug/2024:00:49:32 +0530] "GET /wp-content/uploads/2024/06/man-person-music-black-and-white-white-photography-300x300.jpg HTTP/1.1" 500 198864
::1 - - [09/Aug/2024:00:49:32 +0530] "GET /wp-content/uploads/2024/06/final-bulb-lit-without-bg-2-300x74.png HTTP/1.1" 500 198792
::1 - - [09/Aug/2024:00:49:32 +0530] "GET /wp-content/uploads/2024/06/road-sport-vintage-wheel-retro-old-300x300.jpg HTTP/1.1" 500 198816
::1 - - [09/Aug/2024:00:49:32 +0530] "GET /wp-content/uploads/woocommerce-placeholder-300x300.png HTTP/1.1" 500 198747
::1 - - [09/Aug/2024:00:49:34 +0530] "GET /wp-json/wc/store/v1/cart?_locale=user HTTP/1.1" 200 1116
::1 - - [09/Aug/2024:00:49:35 +0530] "GET /wp-json/wc/store/v1/cart?_locale=user HTTP/1.1" 200 1116
::1 - - [09/Aug/2024:00:49:34 +0530] "GET /wp-content/uploads/2024/06/drinkware-liquid-tableware-dishware-bottle-fluid-300x300.jpg HTTP/1.1" 500 198858
::1 - - [09/Aug/2024:00:50:36 +0530] "POST /wp-cron.php?doing_wp_cron=1723144836.4051818847656250000000 HTTP/1.1" 200 -
::1 - - [09/Aug/2024:00:50:36 +0530] "POST /wp-cron.php?doing_wp_cron=1723144836.8339459896087646484375 HTTP/1.1" 200 -
::1 - - [09/Aug/2024:00:50:43 +0530] "GET /wp-content/plugins/woocommerce/assets/css/woocommerce-smallscreen.css?m=1723141061 HTTP/1.1" 304 -
::1 - - [09/Aug/2024:00:50:43 +0530] "GET /wp-content/plugins/gutenberg/build/i18n/index.min.js?ver=5baa98e4345eccc97e24 HTTP/1.1" 304 -
::1 - - [09/Aug/2024:00:50:43 +0530] "GET /wp-content/plugins/gutenberg/build/interactivity/navigation.min.js?ver=18.8.0 HTTP/1.1" 304 -
::1 - - [09/Aug/2024:00:50:43 +0530] "GET /wp-content/plugins/gutenberg/build/interactivity/index.min.js?ver=18.8.0 HTTP/1.1" 304 -
::1 - - [09/Aug/2024:00:50:41 +0530] "GET / HTTP/1.1" 200 180543
::1 - - [09/Aug/2024:00:50:43 +0530] "GET /wp-content/plugins/elementor/assets/lib/eicons/fonts/eicons.woff2?5.30.0 HTTP/1.1" 304 -
::1 - - [09/Aug/2024:00:50:43 +0530] "GET /wp-content/plugins/elementor/assets/js/web-cli.min.js?ver=3.23.0-dev6 HTTP/1.1" 304 -
::1 - - [09/Aug/2024:00:50:43 +0530] "GET /wp-content/plugins/elementor/assets/js/dev-tools.min.js?ver=3.23.0-dev6 HTTP/1.1" 304 -
::1 - - [09/Aug/2024:00:50:43 +0530] "GET /wp-content/plugins/elementor/assets/js/common.min.js?ver=3.23.0-dev6 HTTP/1.1" 304 -
::1 - - [09/Aug/2024:00:50:43 +0530] "GET /wp-content/plugins/elementor/assets/js/app-loader.min.js?ver=3.23.0-dev6 HTTP/1.1" 304 -
::1 - - [09/Aug/2024:00:51:44 +0530] "POST /wp-cron.php?doing_wp_cron=1723144904.3863089084625244140625 HTTP/1.1" 200 -
::1 - - [09/Aug/2024:00:51:44 +0530] "POST /wp-cron.php?doing_wp_cron=1723144904.3948678970336914062500 HTTP/1.1" 200 -
::1 - - [09/Aug/2024:00:51:44 +0530] "POST /wp-cron.php?doing_wp_cron=1723144904.7346808910369873046875 HTTP/1.1" 200 -
::1 - - [09/Aug/2024:00:51:46 +0530] "GET / HTTP/1.1" 200 159268
::1 - - [09/Aug/2024:00:51:49 +0530] "GET /wp-content/plugins/easy-login-woocommerce/assets/js/xoo-el-js.js?m=1723141051 HTTP/1.1" 304 -
::1 - - [09/Aug/2024:00:51:49 +0530] "GET /_static/??-eJyVjk0KwkAMhS/kGKuiK/ES7mWaRk2dScokQ+ntFVFQEMHl+/t4MA4BVZzEYUj1zGJgznidQiapQUuIMvmF5RxUgmHRlCCakRv0z+7hwjbvbQZfYKMqas5UkN5nWu9GW82pfIh5ZvkPdSqPWgdaOrq/dS/cVmeVX6yefIh4hSMLQls5dYCxaDVKryy8jCdnn3fNdrlq1s1is7wBnqJ2Rg== HTTP/1.1" 200 42624
::1 - - [09/Aug/2024:00:51:49 +0530] "GET /_static/??-eJy9lMFOwzAMhl8IEzoYnBAHJA68RZq6XZgTlzhZ6Z6erGOigDpgm3ZKHcffn9r6o7oWDPuIPqqWUmO9qCblsMTQqDJZqlRJbJZAtgw69NtIlNcr2+ho2SuJPeGlEblQh9IMrzD8AkItPRDnb+iYDTuHwaB6Y4aag4PaIlUCdae0CMYMFRmyuq7hVOh8b1Xnat2hsMP5IKKJLp31J8ILEpo4262TVJMksrNrBNeDNoaTjxveF41RK+owACpI3r6m6WaMaJ8SA7dVbSrJmgFnbJTRgZHo+D6tbhC2VecRXHCw682A6Dx6lQ5LqFBsMz3/iYGMiaR7TvEIwjHigwnjAt2/HfLNaUiHGe0nZuMxmcTM4TlRD7WWGAKYBZpl7h5s0+pp2H6U6foXjK02S+W4SoRZWAdO2W9KOttigDL5as9fTJZ/JGC38WdCtIQVNPkhwfwo7ok2xAd3X9zNroub4uq2eAfxBjMO HTTP/1.1" 200 286901
::1 - - [09/Aug/2024:00:51:49 +0530] "GET /_static/??-eJylk9tOwzAMhl8IN2wguEJc8wBcT6njFrdJ3OWgUZ6etOu0IrFJMCmSbdn5fsdJ1GEA9mizoai6svaZwrgYcNwGnahy7Ksu3qlSjOIT+aQGm1v2UZGOI1gpPhxEUJyjgKQ+RaCR4KBhsiZCc1CWaxXJEqbtyd4O1TFSmjufkrppoIuXqJhjEsdfBG4EjSjZp4n3Q+MMbMK830D2XMZxibpinQVm6qCGXFvGCYac4iq/Ulw3M+iW4LjpklxMjH25GfIZioj2Y/pg34J4iBjE2tUJuj0s5aeyazf5+xSWl1BbwT7zElZz+P72d9xpqEobA0kAdUj/aKrMUqRnKl519G5oZZW+RukoDRp7tSv/RdWZrVGJLRlotbXTp7kSLdxX97J53j5sHjf3T9tvvYJRYA== HTTP/1.1" 200 123027
::1 - - [09/Aug/2024:00:51:49 +0530] "GET /wp-content/plugins/easy-login-woocommerce/assets/images/popup-sidebar.jpg HTTP/1.1" 304 -
::1 - - [09/Aug/2024:00:51:49 +0530] "GET /wp-content/plugins/easy-login-woocommerce/assets/fonts/Easy-Login.ttf?oy4gsz HTTP/1.1" 304 -
::1 - - [09/Aug/2024:00:51:50 +0530] "GET /wp-content/plugins/easy-login-woocommerce/xoo-form-fields-fw/lib/fontawesome5/webfonts/fa-solid-900.woff2 HTTP/1.1" 200 78268
::1 - - [09/Aug/2024:00:51:50 +0530] "GET /wp-content/plugins/easy-login-woocommerce/xoo-form-fields-fw/lib/fontawesome5/webfonts/fa-regular-400.woff2 HTTP/1.1" 200 13224
::1 - - [09/Aug/2024:00:52:37 +0530] "GET /shop/ HTTP/1.1" 200 193037
::1 - - [09/Aug/2024:00:52:41 +0530] "GET /wp-content/plugins/gutenberg/build/url/index.min.js?m=1723141055 HTTP/1.1" 304 -
::1 - - [09/Aug/2024:00:52:41 +0530] "GET /wp-content/plugins/gutenberg/build/api-fetch/index.min.js?ver=1d1bb669e2c3067cc691 HTTP/1.1" 304 -
::1 - - [09/Aug/2024:00:52:41 +0530] "GET /wp-content/plugins/woocommerce/assets/client/blocks/wc-settings.js?ver=07c2f0675ddd247d2325 HTTP/1.1" 304 -
::1 - - [09/Aug/2024:00:52:41 +0530] "GET /wp-content/plugins/woocommerce/assets/client/blocks/mini-cart-frontend.js?ver=eba896c62201a23c4175 HTTP/1.1" 304 -
::1 - - [09/Aug/2024:00:52:41 +0530] "GET /_static/??-eJy9lc1y1DAMx18I1WyhcGI4MMOBt3AcJStWtoxlE9Knx0m6Q/hwabud3izJ+smK/nbMFMFJyBiyiVxGCmrGUs0O02i6QtybjsWdgKlLNs2bpSbY7zTaTBKM5pnxyqm+Mv+gTSJOvMfk0FhVzGoc07LjjjQ52FZPR7iiWWocrHNSQm6S4lECRoRoZ1/9oMJl6UEvbcJTIHA25XPqBd1E6052RIXnOtOjEPqbG9jOUi4hXFJ8bSQf0bcpaHUGlrqGPfCHCAySPAyE3CsM077GErXD8J8P/HB0vRtmqNl2Qq06vFmLWOarOoLH9q/I6PJ1M23TOt0i+Pms9+U80OANaQX0UAJ9K+1ud7RfJVZuNLF0TG7FOcq627Cf1o4Qq35hy3qZgkdJdLtMgF+mXm/TCXpUGtsDbujnDx0iP02Gf2MWBbafnRv4UniGwWpOCdwR3alebNjC5vPq/qTt/K+Yl4fJeOkLYy1sk5QqVqMTxfr0diX093TRTL8LwNnxYEImxh7Ges2w/pbusRbiR//h8P76zeHt4fW7w08UbarY HTTP/1.1" 200 370136
::1 - - [09/Aug/2024:00:52:40 +0530] "POST /wp-cron.php?doing_wp_cron=1723144960.0436201095581054687500 HTTP/1.1" 200 -
::1 - - [09/Aug/2024:00:52:42 +0530] "GET /wp-json/wc/store/v1/cart?_locale=user HTTP/1.1" 200 1028
::1 - - [09/Aug/2024:00:52:42 +0530] "GET /wp-content/uploads/2024/06/final-bulb-lit-without-bg-2-300x74.png HTTP/1.1" 500 177798
::1 - - [09/Aug/2024:00:52:45 +0530] "GET /wp-content/plugins/gutenberg/build/vendors/react.min.js?ver=18 HTTP/1.1" 304 -
::1 - - [09/Aug/2024:00:52:45 +0530] "GET /wp-content/plugins/gutenberg/build/vendors/react-dom.min.js?ver=18 HTTP/1.1" 304 -
::1 - - [09/Aug/2024:00:52:45 +0530] "GET /wp-content/plugins/gutenberg/build/vendors/react-jsx-runtime.min.js?ver=18 HTTP/1.1" 304 -
::1 - - [09/Aug/2024:00:52:45 +0530] "GET /wp-content/plugins/gutenberg/build/deprecated/index.min.js?ver=5f56b9106e825b0b4ab3 HTTP/1.1" 304 -
::1 - - [09/Aug/2024:00:52:45 +0530] "GET /wp-content/plugins/gutenberg/build/dom/index.min.js?ver=44e4bca27663d6dfa4f6 HTTP/1.1" 304 -
::1 - - [09/Aug/2024:00:52:45 +0530] "GET /wp-content/plugins/gutenberg/build/escape-html/index.min.js?ver=fbad781820bda8333f76 HTTP/1.1" 304 -
::1 - - [09/Aug/2024:00:52:45 +0530] "GET /wp-content/plugins/gutenberg/build/element/index.min.js?ver=30b6834ec0d0e2c24761 HTTP/1.1" 304 -
::1 - - [09/Aug/2024:00:52:45 +0530] "GET /wp-content/plugins/gutenberg/build/is-shallow-equal/index.min.js?ver=5299ef30233b42ce5199 HTTP/1.1" 304 -
::1 - - [09/Aug/2024:00:52:45 +0530] "GET /wp-content/plugins/gutenberg/build/keycodes/index.min.js?ver=54656f44cb3b10270813 HTTP/1.1" 304 -
::1 - - [09/Aug/2024:00:52:45 +0530] "GET /wp-content/plugins/gutenberg/build/priority-queue/index.min.js?ver=c01f24e11b08ca4aff89 HTTP/1.1" 304 -
::1 - - [09/Aug/2024:00:52:45 +0530] "GET /wp-content/plugins/gutenberg/build/compose/index.min.js?ver=c05cdefe5101c8a221a2 HTTP/1.1" 304 -
::1 - - [09/Aug/2024:00:52:41 +0530] "GET /wp-content/uploads/2024/06/white-black-black-and-white-photograph-monochrome-photography-300x300.jpg HTTP/1.1" 500 177938
::1 - - [09/Aug/2024:00:52:45 +0530] "GET /wp-content/plugins/gutenberg/build/private-apis/index.min.js?ver=9c57f8d4eb57d8d2bc70 HTTP/1.1" 304 -
::1 - - [09/Aug/2024:00:52:45 +0530] "GET /wp-content/plugins/gutenberg/build/redux-routine/index.min.js?ver=786aeb57a8ae5605915c HTTP/1.1" 304 -
::1 - - [09/Aug/2024:00:52:45 +0530] "GET /wp-content/plugins/gutenberg/build/data/index.min.js?ver=f446e74635a04d62e32e HTTP/1.1" 304 -
::1 - - [09/Aug/2024:00:52:45 +0530] "GET /wp-content/plugins/gutenberg/build/data-controls/index.min.js?ver=9a8040a4ddc992b9fdcf HTTP/1.1" 304 -
::1 - - [09/Aug/2024:00:52:45 +0530] "GET /wp-content/plugins/woocommerce/assets/client/blocks/wc-blocks-registry.js?ver=1c879273bd5c193cad0a HTTP/1.1" 304 -
::1 - - [09/Aug/2024:00:52:45 +0530] "GET /wp-content/plugins/gutenberg/build/html-entities/index.min.js?ver=e9ce7ebd2e4bd93c7be1 HTTP/1.1" 304 -
::1 - - [09/Aug/2024:00:52:45 +0530] "GET /wp-content/plugins/gutenberg/build/notices/index.min.js?ver=3b1baf0bf68fbf761c53 HTTP/1.1" 304 -
::1 - - [09/Aug/2024:00:52:45 +0530] "GET /wp-content/plugins/woocommerce/assets/client/blocks/wc-blocks-middleware.js?ver=ca04183222edaf8a26be HTTP/1.1" 304 -
::1 - - [09/Aug/2024:00:52:45 +0530] "GET /wp-content/plugins/woocommerce/assets/client/blocks/wc-blocks-data.js?ver=3b21c127321dcdffaeba HTTP/1.1" 304 -
::1 - - [09/Aug/2024:00:52:45 +0530] "GET /wp-content/plugins/gutenberg/build/dom-ready/index.min.js?ver=222ad38e3e5e302c8bbf HTTP/1.1" 304 -
::1 - - [09/Aug/2024:00:52:45 +0530] "GET /wp-content/plugins/gutenberg/build/a11y/index.min.js?ver=9061ce25a6ee8a006b52 HTTP/1.1" 304 -
::1 - - [09/Aug/2024:00:52:45 +0530] "GET /wp-content/plugins/gutenberg/build/primitives/index.min.js?ver=7c58ef27d83cfff22196 HTTP/1.1" 304 -
::1 - - [09/Aug/2024:00:52:45 +0530] "GET /wp-content/plugins/woocommerce/assets/client/blocks/wc-blocks-vendors-frontend.js?ver=cbe41c7abb3949767748 HTTP/1.1" 304 -
::1 - - [09/Aug/2024:00:52:45 +0530] "GET /wp-content/plugins/woocommerce/assets/client/blocks/blocks-components.js?ver=211abb6906805368a551 HTTP/1.1" 304 -
::1 - - [09/Aug/2024:00:52:45 +0530] "GET /wp-content/plugins/gutenberg/build/warning/index.min.js?ver=180dc4315a2b8452c969 HTTP/1.1" 304 -
::1 - - [09/Aug/2024:00:52:45 +0530] "GET /wp-content/plugins/woocommerce/assets/client/blocks/blocks-checkout.js?ver=5980872eb77817dd6b18 HTTP/1.1" 304 -
::1 - - [09/Aug/2024:00:52:45 +0530] "GET /wp-content/plugins/gutenberg/build/autop/index.min.js?ver=dd02809e92d21384c288 HTTP/1.1" 304 -
::1 - - [09/Aug/2024:00:52:45 +0530] "GET /wp-content/plugins/gutenberg/build/style-engine/index.min.js?ver=a5e2ca78e79992332f4f HTTP/1.1" 304 -
::1 - - [09/Aug/2024:00:52:45 +0530] "GET /wp-content/plugins/gutenberg/build/wordcount/index.min.js?ver=cf9956240bdc3dee807e HTTP/1.1" 304 -
::1 - - [09/Aug/2024:00:52:45 +0530] "GET /wp-content/plugins/woocommerce/assets/client/blocks/wc-payment-method-cod.js?ver=5f402826b33bac8f9e43 HTTP/1.1" 304 -
::1 - - [09/Aug/2024:00:52:45 +0530] "GET /wp-content/plugins/phonepe-payment-solutions/js/ppex_block_checkout.js HTTP/1.1" 304 -
::1 - - [09/Aug/2024:00:52:45 +0530] "GET /wp-content/plugins/woocommerce/assets/client/blocks/mini-cart-component-frontend.js?ver=64d11b5b30724a537c38 HTTP/1.1" 304 -
::1 - - [09/Aug/2024:00:52:45 +0530] "GET /wp-content/plugins/woocommerce/assets/client/blocks/mini-cart-contents-block/empty-cart-frontend.js?ver=wc-9.1.4 HTTP/1.1" 304 -
::1 - - [09/Aug/2024:00:52:45 +0530] "GET /wp-content/plugins/woocommerce/assets/client/blocks/mini-cart-contents-block/filled-cart-frontend.js?ver=wc-9.1.4 HTTP/1.1" 304 -
::1 - - [09/Aug/2024:00:52:45 +0530] "GET /wp-content/plugins/woocommerce/assets/client/blocks/mini-cart-contents-block/shopping-button-frontend.js?ver=wc-9.1.4 HTTP/1.1" 304 -
::1 - - [09/Aug/2024:00:52:41 +0530] "GET /wp-content/uploads/2024/06/road-sport-vintage-wheel-retro-old-300x300.jpg HTTP/1.1" 500 177830
::1 - - [09/Aug/2024:00:52:42 +0530] "GET /wp-content/uploads/2024/06/table-wood-house-chair-floor-window-300x300.jpg HTTP/1.1" 500 177834
::1 - - [09/Aug/2024:00:52:42 +0530] "GET /wp-content/uploads/2024/06/man-person-music-black-and-white-white-photography-300x300.jpg HTTP/1.1" 500 177894
::1 - - [09/Aug/2024:00:52:44 +0530] "GET /wp-content/uploads/2024/06/drinkware-liquid-tableware-dishware-bottle-fluid-300x300.jpg HTTP/1.1" 500 177886
::1 - - [09/Aug/2024:00:52:44 +0530] "GET /wp-content/uploads/woocommerce-placeholder-300x300.png HTTP/1.1" 500 177746
::1 - - [09/Aug/2024:00:52:52 +0530] "GET /wp-content/plugins/gutenberg/build/url/index.min.js.map HTTP/1.1" 200 47538
::1 - - [09/Aug/2024:00:52:52 +0530] "GET /wp-content/plugins/gutenberg/build/interactivity/index.min.js.map HTTP/1.1" 304 -
::1 - - [09/Aug/2024:00:52:52 +0530] "GET /wp-content/plugins/gutenberg/build/interactivity/navigation.min.js.map HTTP/1.1" 304 -
::1 - - [09/Aug/2024:00:52:52 +0530] "GET /wp-content/plugins/gutenberg/build/api-fetch/index.min.js.map HTTP/1.1" 304 -
::1 - - [09/Aug/2024:00:52:52 +0530] "GET /wp-content/plugins/gutenberg/build/i18n/index.min.js.map HTTP/1.1" 304 -
::1 - - [09/Aug/2024:00:52:52 +0530] "GET /_static/index.min.js.map; HTTP/1.1" 400 -
::1 - - [09/Aug/2024:00:52:52 +0530] "GET /wp-content/uploads/2024/06/white-black-black-and-white-photograph-monochrome-photography-800x800.jpg HTTP/1.1" 500 177938
::1 - - [09/Aug/2024:00:52:52 +0530] "GET /wp-content/uploads/2024/06/man-person-music-black-and-white-white-photography-800x800.jpg HTTP/1.1" 500 177894
::1 - - [09/Aug/2024:00:52:52 +0530] "GET /wp-content/uploads/2024/06/table-wood-house-chair-floor-window-800x800.jpg HTTP/1.1" 500 177834
::1 - - [09/Aug/2024:00:52:52 +0530] "GET /wp-content/uploads/woocommerce-placeholder-768x768.png HTTP/1.1" 500 177746
::1 - - [09/Aug/2024:00:52:52 +0530] "GET /wp-content/uploads/2024/06/drinkware-liquid-tableware-dishware-bottle-fluid-800x800.jpg HTTP/1.1" 500 177886
::1 - - [09/Aug/2024:00:56:42 +0530] "GET /shop/ HTTP/1.1" 200 193037
::1 - - [09/Aug/2024:00:56:48 +0530] "GET /wp-content/themes/zaino/assets/fonts/archivo_800.ttf HTTP/1.1" 304 -
::1 - - [09/Aug/2024:00:56:46 +0530] "POST /wp-cron.php?doing_wp_cron=1723145206.2939438819885253906250 HTTP/1.1" 200 -
::1 - - [09/Aug/2024:00:56:48 +0530] "GET /wp-content/uploads/2024/06/drinkware-liquid-tableware-dishware-bottle-fluid-800x800.jpg HTTP/1.1" 500 177886
::1 - - [09/Aug/2024:00:56:47 +0530] "GET /wp-content/uploads/2024/06/man-person-music-black-and-white-white-photography-800x800.jpg HTTP/1.1" 500 177894
::1 - - [09/Aug/2024:00:56:47 +0530] "GET /wp-content/uploads/2024/06/white-black-black-and-white-photograph-monochrome-photography-800x800.jpg HTTP/1.1" 500 177938
::1 - - [09/Aug/2024:00:56:47 +0530] "GET /wp-content/uploads/2024/06/road-sport-vintage-wheel-retro-old-300x300.jpg HTTP/1.1" 500 177830
::1 - - [09/Aug/2024:00:56:47 +0530] "GET /wp-content/uploads/2024/06/final-bulb-lit-without-bg-2-300x74.png HTTP/1.1" 500 177798
::1 - - [09/Aug/2024:00:56:51 +0530] "GET /_static/index.min.js.map; HTTP/1.1" 400 -
::1 - - [09/Aug/2024:00:56:47 +0530] "GET /wp-content/uploads/2024/06/table-wood-house-chair-floor-window-800x800.jpg HTTP/1.1" 500 177834
::1 - - [09/Aug/2024:00:56:51 +0530] "GET /wp-json/wc/store/v1/cart?_locale=user HTTP/1.1" 200 1028
::1 - - [09/Aug/2024:00:56:51 +0530] "GET /wp-content/uploads/woocommerce-placeholder-768x768.png HTTP/1.1" 500 177746
::1 - - [09/Aug/2024:00:57:08 +0530] "GET /wp-content/uploads/2024/06/man-person-music-black-and-white-white-photography-300x300.jpg HTTP/1.1" 200 232981
::1 - - [09/Aug/2024:00:57:08 +0530] "GET /wp-content/uploads/woocommerce-placeholder-300x300.png HTTP/1.1" 500 177746
::1 - - [09/Aug/2024:00:57:08 +0530] "GET /wp-content/uploads/2024/06/table-wood-house-chair-floor-window-300x300.jpg HTTP/1.1" 500 177834
::1 - - [09/Aug/2024:00:57:08 +0530] "GET /wp-content/uploads/2024/06/white-black-black-and-white-photograph-monochrome-photography-300x300.jpg HTTP/1.1" 500 177938
::1 - - [09/Aug/2024:00:57:08 +0530] "GET /wp-content/uploads/2024/06/drinkware-liquid-tableware-dishware-bottle-fluid-300x300.jpg HTTP/1.1" 500 177886
::1 - - [09/Aug/2024:00:57:08 +0530] "GET /wp-json/wc/store/v1/cart?_locale=user HTTP/1.1" 200 1028
::1 - - [09/Aug/2024:00:57:48 +0530] "GET /wp-content/plugins/woocommerce/assets/css/woocommerce-smallscreen.css?m=1723141061 HTTP/1.1" 304 -
::1 - - [09/Aug/2024:00:57:48 +0530] "GET /wp-content/plugins/gutenberg/build/interactivity/navigation.min.js?ver=18.8.0 HTTP/1.1" 304 -
::1 - - [09/Aug/2024:00:57:48 +0530] "GET /wp-content/uploads/2024/06/final-bulb-lit-without-bg.png HTTP/1.1" 304 -
::1 - - [09/Aug/2024:00:57:48 +0530] "GET /wp-content/plugins/gutenberg/build/interactivity/index.min.js?ver=18.8.0 HTTP/1.1" 304 -
::1 - - [09/Aug/2024:00:57:48 +0530] "GET /wp-content/plugins/woocommerce/assets/images/pattern-placeholders/music-needle-turntable-black-and-white-white-photography.jpg HTTP/1.1" 304 -
::1 - - [09/Aug/2024:00:57:48 +0530] "GET /wp-content/plugins/woocommerce/assets/images/pattern-placeholders/tree-branch-plant-wood-leaf-flower.jpg HTTP/1.1" 304 -
::1 - - [09/Aug/2024:00:57:44 +0530] "GET / HTTP/1.1" 200 159268
::1 - - [09/Aug/2024:00:57:48 +0530] "GET /wp-content/plugins/woocommerce/assets/images/pattern-placeholders/watch-hand-brand-jewellery-strap-platinum.jpg HTTP/1.1" 304 -
::1 - - [09/Aug/2024:00:57:48 +0530] "GET /wp-content/plugins/woocommerce/assets/images/pattern-placeholders/white-vase-decoration-pattern-ceramic-lamp.jpg HTTP/1.1" 304 -
::1 - - [09/Aug/2024:00:57:48 +0530] "GET /wp-content/plugins/woocommerce/assets/client/blocks/wc-blocks.css?m=1723141061 HTTP/1.1" 304 -
::1 - - [09/Aug/2024:00:57:48 +0530] "GET /wp-content/themes/zaino/assets/images/hero.jpg HTTP/1.1" 304 -
::1 - - [09/Aug/2024:00:57:48 +0530] "GET /wp-content/themes/zaino/assets/fonts/archivo_600.ttf HTTP/1.1" 304 -
::1 - - [09/Aug/2024:00:57:46 +0530] "POST /wp-cron.php?doing_wp_cron=1723145266.7755489349365234375000 HTTP/1.1" 200 -
